#
# There is insufficient memory for the Java Runtime Environment to continue.
# Native memory allocation (malloc) failed to allocate 1111696 bytes. Error detail: Chunk::new
# Possible reasons:
#   The system is out of physical RAM or swap space
#   This process is running with CompressedOops enabled, and the Java Heap may be blocking the growth of the native heap
# Possible solutions:
#   Reduce memory load on the system
#   Increase physical memory or swap space
#   Check if swap backing store is full
#   Decrease Java heap size (-Xmx/-Xms)
#   Decrease number of Java threads
#   Decrease Java thread stack sizes (-Xss)
#   Set larger code cache with -XX:ReservedCodeCacheSize=
#   JVM is running with Unscaled Compressed Oops mode in which the Java heap is
#     placed in the first 4GB address space. The Java Heap base address is the
#     maximum limit for the native heap growth. Please use -XX:HeapBaseMinAddress
#     to set the Java Heap base and to place the Java Heap above 4GB virtual address.
# This output file may be truncated or incomplete.
#
#  Out of Memory Error (arena.cpp:168), pid=19616, tid=14820
#
# JRE version: OpenJDK Runtime Environment Temurin-21.0.10+7 (21.0.10+7) (build 21.0.10+7-LTS)
# Java VM: OpenJDK 64-Bit Server VM Temurin-21.0.10+7 (21.0.10+7-LTS, mixed mode, sharing, tiered, compressed oops, compressed class ptrs, parallel gc, windows-amd64)
# No core dump will be written. Minidumps are not enabled by default on client versions of Windows
#

---------------  S U M M A R Y ------------

Command Line: --add-modules=ALL-SYSTEM --add-opens=java.base/java.util=ALL-UNNAMED --add-opens=java.base/java.lang=ALL-UNNAMED --add-opens=java.base/sun.nio.fs=ALL-UNNAMED -Declipse.application=org.eclipse.jdt.ls.core.id1 -Dosgi.bundles.defaultStartLevel=4 -Declipse.product=org.eclipse.jdt.ls.core.product -Djava.import.generatesMetadataFilesAtProjectRoot=false -DDetectVMInstallationsJob.disabled=true -Dfile.encoding=utf8 -XX:+UseParallelGC -XX:GCTimeRatio=4 -XX:AdaptiveSizePolicyWeight=90 -Dsun.zip.disableMemoryMapping=true -Xmx2G -Xms100m -Xlog:disable -javaagent:c:\Users\55379\.vscode\extensions\redhat.java-1.53.0-win32-x64\lombok\lombok-1.18.39-4050.jar -XX:+HeapDumpOnOutOfMemoryError -XX:HeapDumpPath=c:\Users\55379\AppData\Roaming\Code\User\workspaceStorage\f78da1d87b2c520e49cad87d0fe2c449\redhat.java -Daether.dependencyCollector.impl=bf c:\Users\55379\.vscode\extensions\redhat.java-1.53.0-win32-x64\server\plugins\org.eclipse.equinox.launcher_1.7.100.v20251111-0406.jar -configuration c:\Users\55379\AppData\Roaming\Code\User\globalStorage\redhat.java\1.53.0\config_win -data c:\Users\55379\AppData\Roaming\Code\User\workspaceStorage\f78da1d87b2c520e49cad87d0fe2c449\redhat.java\jdt_ws --pipe=\\.\pipe\lsp-f5538b63cd35c41ce5a96cd743316698-sock

Host: Intel(R) Core(TM) i5-10300H CPU @ 2.50GHz, 8 cores, 7G,  Windows 11 , 64 bit Build 22621 (10.0.22621.5415)
Time: Sun Mar 29 22:55:14 2026 Hora oficial do Brasil elapsed time: 11.636701 seconds (0d 0h 0m 11s)

---------------  T H R E A D  ---------------

Current thread (0x0000026741a2ddd0):  JavaThread "C2 CompilerThread2" daemon [_thread_in_native, id=14820, stack(0x000000db7bd00000,0x000000db7be00000) (1024K)]


Current CompileTask:
C2:11636 8827 %     4       org.eclipse.jdt.internal.core.search.indexing.BinaryIndexer::extractReferenceFromConstantPool @ 155 (358 bytes)

Stack: [0x000000db7bd00000,0x000000db7be00000]
Native frames: (J=compiled Java code, j=interpreted, Vv=VM code, C=native code)
V  [jvm.dll+0x6d7a39]
V  [jvm.dll+0x8b4b26]
V  [jvm.dll+0x8b70de]
V  [jvm.dll+0x8b77c3]
V  [jvm.dll+0x284346]
V  [jvm.dll+0xc66ed]
V  [jvm.dll+0xc6c31]
V  [jvm.dll+0x2fb29e]
V  [jvm.dll+0x5fe884]
V  [jvm.dll+0x255b17]
V  [jvm.dll+0x255edd]
V  [jvm.dll+0x24e500]
V  [jvm.dll+0x24ba42]
V  [jvm.dll+0x1cb34e]
V  [jvm.dll+0x25b85d]
V  [jvm.dll+0x259dea]
V  [jvm.dll+0x3f857e]
V  [jvm.dll+0x85f59d]
V  [jvm.dll+0x6d626d]
C  [ucrtbase.dll+0x29333]
C  [KERNEL32.DLL+0x1259d]
C  [ntdll.dll+0x5af78]


---------------  P R O C E S S  ---------------

Threads class SMR info:
_java_thread_list=0x00000267435b85c0, length=50, elements={
0x00000267627ccc20, 0x000002676273e8d0, 0x00000267627400e0, 0x0000026762743010,
0x0000026762744920, 0x0000026762749710, 0x00000267627564f0, 0x000002676274b240,
0x00000267627757d0, 0x000002677abd35e0, 0x000002677ad204a0, 0x000002677f6bd2a0,
0x000002677f7d36d0, 0x000002674100a3e0, 0x000002674100aa50, 0x0000026741576550,
0x000002674146b2a0, 0x00000267412c3a60, 0x000002674179b270, 0x000002674170e7c0,
0x0000026741bc78d0, 0x0000026741bc7240, 0x0000026741bc7f60, 0x0000026741bc6bb0,
0x0000026741bc85f0, 0x0000026741bc8c80, 0x0000026741bc5800, 0x0000026741bc5e90,
0x0000026741bc6520, 0x0000026741bed2a0, 0x0000026741bf27f0, 0x0000026741bf1440,
0x0000026741beb860, 0x0000026741bf1ad0, 0x0000026741bebef0, 0x0000026741bec580,
0x0000026741beece0, 0x0000026741bf2e80, 0x0000026741bee650, 0x0000026743676150,
0x0000026741a2ddd0, 0x0000026741bf0720, 0x0000026741becc10, 0x0000026741bed930,
0x0000026741bedfc0, 0x0000026744457710, 0x000002674445bf40, 0x0000026744458ac0,
0x0000026744457da0, 0x000002674445c5d0
}

Java Threads: ( => current thread )
  0x00000267627ccc20 JavaThread "main"                              [_thread_blocked, id=7968, stack(0x000000db78a00000,0x000000db78b00000) (1024K)]
  0x000002676273e8d0 JavaThread "Reference Handler"          daemon [_thread_blocked, id=15244, stack(0x000000db78e00000,0x000000db78f00000) (1024K)]
  0x00000267627400e0 JavaThread "Finalizer"                  daemon [_thread_blocked, id=22000, stack(0x000000db78f00000,0x000000db79000000) (1024K)]
  0x0000026762743010 JavaThread "Signal Dispatcher"          daemon [_thread_blocked, id=11484, stack(0x000000db79000000,0x000000db79100000) (1024K)]
  0x0000026762744920 JavaThread "Attach Listener"            daemon [_thread_blocked, id=24024, stack(0x000000db79100000,0x000000db79200000) (1024K)]
  0x0000026762749710 JavaThread "Service Thread"             daemon [_thread_blocked, id=9160, stack(0x000000db79200000,0x000000db79300000) (1024K)]
  0x00000267627564f0 JavaThread "Monitor Deflation Thread"   daemon [_thread_blocked, id=8540, stack(0x000000db79300000,0x000000db79400000) (1024K)]
  0x000002676274b240 JavaThread "C2 CompilerThread0"         daemon [_thread_in_native, id=20232, stack(0x000000db79400000,0x000000db79500000) (1024K)]
  0x00000267627757d0 JavaThread "C1 CompilerThread0"         daemon [_thread_blocked, id=16412, stack(0x000000db79500000,0x000000db79600000) (1024K)]
  0x000002677abd35e0 JavaThread "Common-Cleaner"             daemon [_thread_blocked, id=21740, stack(0x000000db79700000,0x000000db79800000) (1024K)]
  0x000002677ad204a0 JavaThread "Notification Thread"        daemon [_thread_blocked, id=7408, stack(0x000000db79800000,0x000000db79900000) (1024K)]
  0x000002677f6bd2a0 JavaThread "Active Thread: Equinox Container: 14400862-dea4-423d-9d41-2b631f946dd6"        [_thread_blocked, id=25336, stack(0x000000db7a000000,0x000000db7a100000) (1024K)]
  0x000002677f7d36d0 JavaThread "Refresh Thread: Equinox Container: 14400862-dea4-423d-9d41-2b631f946dd6" daemon [_thread_blocked, id=17672, stack(0x000000db7a200000,0x000000db7a300000) (1024K)]
  0x000002674100a3e0 JavaThread "Framework Event Dispatcher: Equinox Container: 14400862-dea4-423d-9d41-2b631f946dd6" daemon [_thread_blocked, id=13628, stack(0x000000db7a300000,0x000000db7a400000) (1024K)]
  0x000002674100aa50 JavaThread "Start Level: Equinox Container: 14400862-dea4-423d-9d41-2b631f946dd6" daemon [_thread_blocked, id=21576, stack(0x000000db7a400000,0x000000db7a500000) (1024K)]
  0x0000026741576550 JavaThread "Bundle File Closer"         daemon [_thread_blocked, id=17872, stack(0x000000db7a500000,0x000000db7a600000) (1024K)]
  0x000002674146b2a0 JavaThread "SCR Component Actor"        daemon [_thread_blocked, id=22952, stack(0x000000db7a600000,0x000000db7a700000) (1024K)]
  0x00000267412c3a60 JavaThread "Worker-JM"                         [_thread_blocked, id=21176, stack(0x000000db7a700000,0x000000db7a800000) (1024K)]
  0x000002674179b270 JavaThread "Worker-0: Check JDK Index"         [_thread_blocked, id=2112, stack(0x000000db7a800000,0x000000db7a900000) (1024K)]
  0x000002674170e7c0 JavaThread "Worker-1"                          [_thread_blocked, id=24304, stack(0x000000db7a900000,0x000000db7aa00000) (1024K)]
  0x0000026741bc78d0 JavaThread "Java indexing"              daemon [_thread_in_Java, id=12992, stack(0x000000db79900000,0x000000db79a00000) (1024K)]
  0x0000026741bc7240 JavaThread "Worker-2"                          [_thread_blocked, id=4332, stack(0x000000db7aa00000,0x000000db7ab00000) (1024K)]
  0x0000026741bc7f60 JavaThread "Worker-3"                          [_thread_blocked, id=17116, stack(0x000000db7ab00000,0x000000db7ac00000) (1024K)]
  0x0000026741bc6bb0 JavaThread "JNA Cleaner"                daemon [_thread_blocked, id=20108, stack(0x000000db7ac00000,0x000000db7ad00000) (1024K)]
  0x0000026741bc85f0 JavaThread "Worker-4: Java indexing... "        [_thread_blocked, id=11528, stack(0x000000db7ad00000,0x000000db7ae00000) (1024K)]
  0x0000026741bc8c80 JavaThread "Worker-5"                          [_thread_blocked, id=20472, stack(0x000000db7ae00000,0x000000db7af00000) (1024K)]
  0x0000026741bc5800 JavaThread "Thread-1"                   daemon [_thread_in_native, id=22360, stack(0x000000db7af00000,0x000000db7b000000) (1024K)]
  0x0000026741bc5e90 JavaThread "Thread-2"                   daemon [_thread_in_native, id=20052, stack(0x000000db7b000000,0x000000db7b100000) (1024K)]
  0x0000026741bc6520 JavaThread "Thread-3"                   daemon [_thread_in_native, id=24944, stack(0x000000db7b100000,0x000000db7b200000) (1024K)]
  0x0000026741bed2a0 JavaThread "Thread-4"                   daemon [_thread_in_native, id=19312, stack(0x000000db7b200000,0x000000db7b300000) (1024K)]
  0x0000026741bf27f0 JavaThread "Thread-5"                   daemon [_thread_in_native, id=2536, stack(0x000000db7b300000,0x000000db7b400000) (1024K)]
  0x0000026741bf1440 JavaThread "Thread-6"                   daemon [_thread_in_native, id=4276, stack(0x000000db7b400000,0x000000db7b500000) (1024K)]
  0x0000026741beb860 JavaThread "Thread-7"                   daemon [_thread_in_native, id=15136, stack(0x000000db7b500000,0x000000db7b600000) (1024K)]
  0x0000026741bf1ad0 JavaThread "Thread-8"                   daemon [_thread_in_native, id=21940, stack(0x000000db7b600000,0x000000db7b700000) (1024K)]
  0x0000026741bebef0 JavaThread "Thread-9"                   daemon [_thread_in_native, id=22984, stack(0x000000db7b700000,0x000000db7b800000) (1024K)]
  0x0000026741bec580 JavaThread "pool-2-thread-1"                   [_thread_blocked, id=14160, stack(0x000000db7b800000,0x000000db7b900000) (1024K)]
  0x0000026741beece0 JavaThread "WorkspaceEventsHandler"            [_thread_blocked, id=628, stack(0x000000db7b900000,0x000000db7ba00000) (1024K)]
  0x0000026741bf2e80 JavaThread "pool-1-thread-1"                   [_thread_blocked, id=15428, stack(0x000000db7ba00000,0x000000db7bb00000) (1024K)]
  0x0000026741bee650 JavaThread "Keep-Alive-Timer"           daemon [_thread_blocked, id=24728, stack(0x000000db7bc00000,0x000000db7bd00000) (1024K)]
  0x0000026743676150 JavaThread "C2 CompilerThread1"         daemon [_thread_in_native, id=24604, stack(0x000000db79600000,0x000000db79700000) (1024K)]
=>0x0000026741a2ddd0 JavaThread "C2 CompilerThread2"         daemon [_thread_in_native, id=14820, stack(0x000000db7bd00000,0x000000db7be00000) (1024K)]
  0x0000026741bf0720 JavaThread "Compiler Source File Reader" daemon [_thread_blocked, id=9648, stack(0x000000db7be00000,0x000000db7bf00000) (1024K)]
  0x0000026741becc10 JavaThread "Compiler Processing Task"   daemon [_thread_blocked, id=6092, stack(0x000000db7bf00000,0x000000db7c000000) (1024K)]
  0x0000026741bed930 JavaThread "Compiler Class File Writer" daemon [_thread_blocked, id=16484, stack(0x000000db7c000000,0x000000db7c100000) (1024K)]
  0x0000026741bedfc0 JavaThread "Compiler Source File Reader" daemon [_thread_blocked, id=10504, stack(0x000000db7c100000,0x000000db7c200000) (1024K)]
  0x0000026744457710 JavaThread "ForkJoinPool.commonPool-worker-1" daemon [_thread_blocked, id=22472, stack(0x000000db7c200000,0x000000db7c300000) (1024K)]
  0x000002674445bf40 JavaThread "ForkJoinPool.commonPool-worker-2" daemon [_thread_blocked, id=5180, stack(0x000000db7c300000,0x000000db7c400000) (1024K)]
  0x0000026744458ac0 JavaThread "Compiler Class File Writer" daemon [_thread_blocked, id=16148, stack(0x000000db7c400000,0x000000db7c500000) (1024K)]
  0x0000026744457da0 JavaThread "ForkJoinPool.commonPool-worker-3" daemon [_thread_blocked, id=23856, stack(0x000000db7c500000,0x000000db7c600000) (1024K)]
  0x000002674445c5d0 JavaThread "ForkJoinPool.commonPool-worker-4" daemon [_thread_blocked, id=25180, stack(0x000000db7c600000,0x000000db7c700000) (1024K)]
Total: 50

Other Threads:
  0x0000026762724400 VMThread "VM Thread"                           [id=24032, stack(0x000000db78d00000,0x000000db78e00000) (1024K)]
  0x000002676265ca00 WatcherThread "VM Periodic Task Thread"        [id=8716, stack(0x000000db78c00000,0x000000db78d00000) (1024K)]
  0x00000267627ed1a0 WorkerThread "GC Thread#0"                     [id=22544, stack(0x000000db78b00000,0x000000db78c00000) (1024K)]
  0x000002677f06ee20 WorkerThread "GC Thread#1"                     [id=15708, stack(0x000000db79a00000,0x000000db79b00000) (1024K)]
  0x000002677f3702e0 WorkerThread "GC Thread#2"                     [id=20620, stack(0x000000db79b00000,0x000000db79c00000) (1024K)]
  0x000002677f370690 WorkerThread "GC Thread#3"                     [id=6212, stack(0x000000db79c00000,0x000000db79d00000) (1024K)]
  0x000002677f599590 WorkerThread "GC Thread#4"                     [id=14100, stack(0x000000db79d00000,0x000000db79e00000) (1024K)]
  0x000002677f599940 WorkerThread "GC Thread#5"                     [id=25172, stack(0x000000db79e00000,0x000000db79f00000) (1024K)]
  0x000002677f5befb0 WorkerThread "GC Thread#6"                     [id=6808, stack(0x000000db79f00000,0x000000db7a000000) (1024K)]
  0x000002677f7f2960 WorkerThread "GC Thread#7"                     [id=24520, stack(0x000000db7a100000,0x000000db7a200000) (1024K)]
Total: 10

Threads with active compile tasks:
C2 CompilerThread0  11670 8476       4       org.eclipse.jdt.internal.compiler.lookup.BinaryTypeBinding::createMethod (1666 bytes)
C2 CompilerThread1  11670 8828   !   4       org.eclipse.jdt.internal.compiler.classfmt.ClassFileReader::<init> (1968 bytes)
C2 CompilerThread2  11670 8827 %     4       org.eclipse.jdt.internal.core.search.indexing.BinaryIndexer::extractReferenceFromConstantPool @ 155 (358 bytes)
Total: 3

VM state: not at safepoint (normal execution)

VM Mutex/Monitor currently owned by a thread: None

Heap address: 0x0000000080000000, size: 2048 MB, Compressed Oops mode: 32-bit

CDS archive(s) mapped at: [0x0000026700000000-0x0000026700ba0000-0x0000026700ba0000), size 12189696, SharedBaseAddress: 0x0000026700000000, ArchiveRelocationMode: 1.
Compressed class space mapped at: 0x0000026701000000-0x0000026741000000, reserved size: 1073741824
Narrow klass base: 0x0000026700000000, Narrow klass shift: 0, Narrow klass range: 0x100000000

GC Precious Log:
 CardTable entry size: 512
 CPUs: 8 total, 8 available
 Memory: 7985M
 Large Page Support: Disabled
 NUMA Support: Disabled
 Compressed Oops: Enabled (32-bit)
 Alignments: Space 512K, Generation 512K, Heap 2M
 Heap Min Capacity: 100M
 Heap Initial Capacity: 100M
 Heap Max Capacity: 2G
 Pre-touch: Disabled
 Parallel Workers: 8

Heap:
 PSYoungGen      total 17920K, used 5572K [0x00000000d5580000, 0x00000000d6a80000, 0x0000000100000000)
  eden space 15360K, 19% used [0x00000000d5580000,0x00000000d5878830,0x00000000d6480000)
  from space 2560K, 98% used [0x00000000d6800000,0x00000000d6a78b48,0x00000000d6a80000)
  to   space 3072K, 0% used [0x00000000d6500000,0x00000000d6500000,0x00000000d6800000)
 ParOldGen       total 68608K, used 55176K [0x0000000080000000, 0x0000000084300000, 0x00000000d5580000)
  object space 68608K, 80% used [0x0000000080000000,0x00000000835e23a0,0x0000000084300000)
 Metaspace       used 65061K, committed 66496K, reserved 1114112K
  class space    used 7083K, committed 7680K, reserved 1048576K

Card table byte_map: [0x0000026762170000,0x0000026762580000] _byte_map_base: 0x0000026761d70000

Marking Bits: (ParMarkBitMap*) 0x00007ff92b523450
 Begin Bits: [0x0000026774c80000, 0x0000026776c80000)
 End Bits:   [0x0000026776c80000, 0x0000026778c80000)

Polling page: 0x0000026760650000

Metaspace:

Usage:
  Non-class:     56.62 MB used.
      Class:      6.92 MB used.
       Both:     63.54 MB used.

Virtual space:
  Non-class space:       64.00 MB reserved,      57.44 MB ( 90%) committed,  1 nodes.
      Class space:        1.00 GB reserved,       7.50 MB ( <1%) committed,  1 nodes.
             Both:        1.06 GB reserved,      64.94 MB (  6%) committed. 

Chunk freelists:
   Non-Class:  6.41 MB
       Class:  8.32 MB
        Both:  14.72 MB

MaxMetaspaceSize: unlimited
CompressedClassSpaceSize: 1.00 GB
Initial GC threshold: 21.00 MB
Current GC threshold: 97.31 MB
CDS: on
 - commit_granule_bytes: 65536.
 - commit_granule_words: 8192.
 - virtual_space_node_default_size: 8388608.
 - enlarge_chunks_in_place: 1.
 - use_allocation_guard: 0.


Internal statistics:

num_allocs_failed_limit: 9.
num_arena_births: 1040.
num_arena_deaths: 22.
num_vsnodes_births: 2.
num_vsnodes_deaths: 0.
num_space_committed: 1039.
num_space_uncommitted: 0.
num_chunks_returned_to_freelist: 32.
num_chunks_taken_from_freelist: 3868.
num_chunk_merges: 9.
num_chunk_splits: 2360.
num_chunks_enlarged: 1372.
num_inconsistent_stats: 0.

CodeHeap 'non-profiled nmethods': size=120000Kb used=4707Kb max_used=4707Kb free=115292Kb
 bounds [0x000002676d4a0000, 0x000002676d940000, 0x00000267749d0000]
CodeHeap 'profiled nmethods': size=120000Kb used=16944Kb max_used=16944Kb free=103055Kb
 bounds [0x00000267659d0000, 0x0000026766a60000, 0x000002676cf00000]
CodeHeap 'non-nmethods': size=5760Kb used=1469Kb max_used=1552Kb free=4290Kb
 bounds [0x000002676cf00000, 0x000002676d170000, 0x000002676d4a0000]
CodeCache: size=245760Kb, used=23120Kb, max_used=23203Kb, free=222637Kb
 total_blobs=8913, nmethods=8123, adapters=696, full_count=0
Compilation: enabled, stopped_count=0, restarted_count=0

Compilation events (20 events):
Event: 11.528 Thread 0x00000267627757d0 8866       3       org.eclipse.jdt.core.Signature::appendTypeSignature (9 bytes)
Event: 11.528 Thread 0x00000267627757d0 nmethod 8866 0x0000026766a51110 code [0x0000026766a512c0, 0x0000026766a513e0]
Event: 11.528 Thread 0x00000267627757d0 8868       2       com.google.gson.internal.bind.TypeAdapterRuntimeTypeWrapper::write (80 bytes)
Event: 11.529 Thread 0x00000267627757d0 nmethod 8868 0x0000026766a51490 code [0x0000026766a51680, 0x0000026766a51c30]
Event: 11.529 Thread 0x00000267627757d0 8869       2       com.google.gson.internal.bind.TypeAdapterRuntimeTypeWrapper::getRuntimeTypeIfMoreSpecific (25 bytes)
Event: 11.529 Thread 0x00000267627757d0 nmethod 8869 0x0000026766a51f10 code [0x0000026766a520a0, 0x0000026766a52258]
Event: 11.539 Thread 0x00000267627757d0 8870       2       java.util.concurrent.locks.AbstractQueuedSynchronizer$Node::getAndUnsetStatus (14 bytes)
Event: 11.539 Thread 0x00000267627757d0 nmethod 8870 0x0000026766a52310 code [0x0000026766a524c0, 0x0000026766a526b0]
Event: 11.594 Thread 0x00000267627757d0 8872  s    2       java.io.ByteArrayInputStream::available (10 bytes)
Event: 11.595 Thread 0x00000267627757d0 nmethod 8872 0x0000026766a52790 code [0x0000026766a52920, 0x0000026766a52ae8]
Event: 11.599 Thread 0x00000267627757d0 8873       3       org.eclipse.jdt.internal.compiler.classfmt.AnnotationInfo::<init> (32 bytes)
Event: 11.599 Thread 0x00000267627757d0 nmethod 8873 0x0000026766a52b90 code [0x0000026766a52d60, 0x0000026766a530c0]
Event: 11.607 Thread 0x00000267627757d0 8874       3       org.eclipse.jdt.core.Signature::toCharArray (83 bytes)
Event: 11.607 Thread 0x00000267627757d0 nmethod 8874 0x0000026766a53210 code [0x0000026766a53440, 0x0000026766a53a58]
Event: 11.613 Thread 0x00000267627757d0 8875       3       org.eclipse.jdt.internal.compiler.classfmt.AnnotationInfo::scanAnnotation (330 bytes)
Event: 11.614 Thread 0x00000267627757d0 nmethod 8875 0x0000026766a53d10 code [0x0000026766a54020, 0x0000026766a550a8]
Event: 11.617 Thread 0x00000267627757d0 8876   !   3       org.eclipse.jdt.internal.compiler.classfmt.AnnotationInfo::decodeAnnotation (305 bytes)
Event: 11.619 Thread 0x00000267627757d0 nmethod 8876 0x0000026766a55690 code [0x0000026766a55aa0, 0x0000026766a57858]
Event: 11.625 Thread 0x00000267627757d0 8877       3       org.eclipse.jdt.internal.core.search.indexing.BinaryIndexer::addBinaryAnnotation (87 bytes)
Event: 11.626 Thread 0x00000267627757d0 nmethod 8877 0x0000026766a58690 code [0x0000026766a58980, 0x0000026766a599d8]

GC Heap History (20 events):
Event: 9.588 GC heap before
{Heap before GC invocations=33 (full 2):
 PSYoungGen      total 19456K, used 19036K [0x00000000d5580000, 0x00000000d6c80000, 0x0000000100000000)
  eden space 17920K, 100% used [0x00000000d5580000,0x00000000d6700000,0x00000000d6700000)
  from space 1536K, 72% used [0x00000000d6b00000,0x00000000d6c170e8,0x00000000d6c80000)
  to   space 1536K, 0% used [0x00000000d6980000,0x00000000d6980000,0x00000000d6b00000)
 ParOldGen       total 68608K, used 43002K [0x0000000080000000, 0x0000000084300000, 0x00000000d5580000)
  object space 68608K, 62% used [0x0000000080000000,0x00000000829feab0,0x0000000084300000)
 Metaspace       used 56056K, committed 57280K, reserved 1114112K
  class space    used 6170K, committed 6656K, reserved 1048576K
}
Event: 9.589 GC heap after
{Heap after GC invocations=33 (full 2):
 PSYoungGen      total 18944K, used 886K [0x00000000d5580000, 0x00000000d6b80000, 0x0000000100000000)
  eden space 17920K, 0% used [0x00000000d5580000,0x00000000d5580000,0x00000000d6700000)
  from space 1024K, 86% used [0x00000000d6980000,0x00000000d6a5d9e8,0x00000000d6a80000)
  to   space 1024K, 0% used [0x00000000d6a80000,0x00000000d6a80000,0x00000000d6b80000)
 ParOldGen       total 68608K, used 43751K [0x0000000080000000, 0x0000000084300000, 0x00000000d5580000)
  object space 68608K, 63% used [0x0000000080000000,0x0000000082ab9c28,0x0000000084300000)
 Metaspace       used 56056K, committed 57280K, reserved 1114112K
  class space    used 6170K, committed 6656K, reserved 1048576K
}
Event: 9.721 GC heap before
{Heap before GC invocations=34 (full 2):
 PSYoungGen      total 18944K, used 18806K [0x00000000d5580000, 0x00000000d6b80000, 0x0000000100000000)
  eden space 17920K, 100% used [0x00000000d5580000,0x00000000d6700000,0x00000000d6700000)
  from space 1024K, 86% used [0x00000000d6980000,0x00000000d6a5d9e8,0x00000000d6a80000)
  to   space 1024K, 0% used [0x00000000d6a80000,0x00000000d6a80000,0x00000000d6b80000)
 ParOldGen       total 68608K, used 43751K [0x0000000080000000, 0x0000000084300000, 0x00000000d5580000)
  object space 68608K, 63% used [0x0000000080000000,0x0000000082ab9c28,0x0000000084300000)
 Metaspace       used 57347K, committed 58560K, reserved 1114112K
  class space    used 6284K, committed 6784K, reserved 1048576K
}
Event: 9.722 GC heap after
{Heap after GC invocations=34 (full 2):
 PSYoungGen      total 18432K, used 352K [0x00000000d5580000, 0x00000000d6b00000, 0x0000000100000000)
  eden space 17920K, 0% used [0x00000000d5580000,0x00000000d5580000,0x00000000d6700000)
  from space 512K, 68% used [0x00000000d6a80000,0x00000000d6ad8000,0x00000000d6b00000)
  to   space 1024K, 0% used [0x00000000d6900000,0x00000000d6900000,0x00000000d6a00000)
 ParOldGen       total 68608K, used 43783K [0x0000000080000000, 0x0000000084300000, 0x00000000d5580000)
  object space 68608K, 63% used [0x0000000080000000,0x0000000082ac1c28,0x0000000084300000)
 Metaspace       used 57347K, committed 58560K, reserved 1114112K
  class space    used 6284K, committed 6784K, reserved 1048576K
}
Event: 10.167 GC heap before
{Heap before GC invocations=35 (full 2):
 PSYoungGen      total 18432K, used 12611K [0x00000000d5580000, 0x00000000d6b00000, 0x0000000100000000)
  eden space 17920K, 68% used [0x00000000d5580000,0x00000000d6178cf8,0x00000000d6700000)
  from space 512K, 68% used [0x00000000d6a80000,0x00000000d6ad8000,0x00000000d6b00000)
  to   space 1024K, 0% used [0x00000000d6900000,0x00000000d6900000,0x00000000d6a00000)
 ParOldGen       total 68608K, used 43783K [0x0000000080000000, 0x0000000084300000, 0x00000000d5580000)
  object space 68608K, 63% used [0x0000000080000000,0x0000000082ac1c28,0x0000000084300000)
 Metaspace       used 58483K, committed 59776K, reserved 1114112K
  class space    used 6425K, committed 6976K, reserved 1048576K
}
Event: 10.169 GC heap after
{Heap after GC invocations=35 (full 2):
 PSYoungGen      total 18944K, used 760K [0x00000000d5580000, 0x00000000d6b00000, 0x0000000100000000)
  eden space 17920K, 0% used [0x00000000d5580000,0x00000000d5580000,0x00000000d6700000)
  from space 1024K, 74% used [0x00000000d6900000,0x00000000d69be1b8,0x00000000d6a00000)
  to   space 1024K, 0% used [0x00000000d6a00000,0x00000000d6a00000,0x00000000d6b00000)
 ParOldGen       total 68608K, used 44744K [0x0000000080000000, 0x0000000084300000, 0x00000000d5580000)
  object space 68608K, 65% used [0x0000000080000000,0x0000000082bb23c8,0x0000000084300000)
 Metaspace       used 58483K, committed 59776K, reserved 1114112K
  class space    used 6425K, committed 6976K, reserved 1048576K
}
Event: 10.169 GC heap before
{Heap before GC invocations=36 (full 3):
 PSYoungGen      total 18944K, used 760K [0x00000000d5580000, 0x00000000d6b00000, 0x0000000100000000)
  eden space 17920K, 0% used [0x00000000d5580000,0x00000000d5580000,0x00000000d6700000)
  from space 1024K, 74% used [0x00000000d6900000,0x00000000d69be1b8,0x00000000d6a00000)
  to   space 1024K, 0% used [0x00000000d6a00000,0x00000000d6a00000,0x00000000d6b00000)
 ParOldGen       total 68608K, used 44744K [0x0000000080000000, 0x0000000084300000, 0x00000000d5580000)
  object space 68608K, 65% used [0x0000000080000000,0x0000000082bb23c8,0x0000000084300000)
 Metaspace       used 58483K, committed 59776K, reserved 1114112K
  class space    used 6425K, committed 6976K, reserved 1048576K
}
Event: 10.242 GC heap after
{Heap after GC invocations=36 (full 3):
 PSYoungGen      total 18944K, used 0K [0x00000000d5580000, 0x00000000d6b00000, 0x0000000100000000)
  eden space 17920K, 0% used [0x00000000d5580000,0x00000000d5580000,0x00000000d6700000)
  from space 1024K, 0% used [0x00000000d6900000,0x00000000d6900000,0x00000000d6a00000)
  to   space 1024K, 0% used [0x00000000d6a00000,0x00000000d6a00000,0x00000000d6b00000)
 ParOldGen       total 68608K, used 40068K [0x0000000080000000, 0x0000000084300000, 0x00000000d5580000)
  object space 68608K, 58% used [0x0000000080000000,0x0000000082721328,0x0000000084300000)
 Metaspace       used 58483K, committed 59776K, reserved 1114112K
  class space    used 6425K, committed 6976K, reserved 1048576K
}
Event: 10.772 GC heap before
{Heap before GC invocations=37 (full 3):
 PSYoungGen      total 18944K, used 17920K [0x00000000d5580000, 0x00000000d6b00000, 0x0000000100000000)
  eden space 17920K, 100% used [0x00000000d5580000,0x00000000d6700000,0x00000000d6700000)
  from space 1024K, 0% used [0x00000000d6900000,0x00000000d6900000,0x00000000d6a00000)
  to   space 1024K, 0% used [0x00000000d6a00000,0x00000000d6a00000,0x00000000d6b00000)
 ParOldGen       total 68608K, used 40068K [0x0000000080000000, 0x0000000084300000, 0x00000000d5580000)
  object space 68608K, 58% used [0x0000000080000000,0x0000000082721328,0x0000000084300000)
 Metaspace       used 60440K, committed 61760K, reserved 1114112K
  class space    used 6593K, committed 7168K, reserved 1048576K
}
Event: 10.775 GC heap after
{Heap after GC invocations=37 (full 3):
 PSYoungGen      total 18944K, used 1023K [0x00000000d5580000, 0x00000000d6d00000, 0x0000000100000000)
  eden space 17920K, 0% used [0x00000000d5580000,0x00000000d5580000,0x00000000d6700000)
  from space 1024K, 99% used [0x00000000d6a00000,0x00000000d6affc90,0x00000000d6b00000)
  to   space 3072K, 0% used [0x00000000d6700000,0x00000000d6700000,0x00000000d6a00000)
 ParOldGen       total 68608K, used 41721K [0x0000000080000000, 0x0000000084300000, 0x00000000d5580000)
  object space 68608K, 60% used [0x0000000080000000,0x00000000828be4d8,0x0000000084300000)
 Metaspace       used 60440K, committed 61760K, reserved 1114112K
  class space    used 6593K, committed 7168K, reserved 1048576K
}
Event: 10.950 GC heap before
{Heap before GC invocations=38 (full 3):
 PSYoungGen      total 18944K, used 18943K [0x00000000d5580000, 0x00000000d6d00000, 0x0000000100000000)
  eden space 17920K, 100% used [0x00000000d5580000,0x00000000d6700000,0x00000000d6700000)
  from space 1024K, 99% used [0x00000000d6a00000,0x00000000d6affc90,0x00000000d6b00000)
  to   space 3072K, 0% used [0x00000000d6700000,0x00000000d6700000,0x00000000d6a00000)
 ParOldGen       total 68608K, used 41721K [0x0000000080000000, 0x0000000084300000, 0x00000000d5580000)
  object space 68608K, 60% used [0x0000000080000000,0x00000000828be4d8,0x0000000084300000)
 Metaspace       used 62084K, committed 63488K, reserved 1114112K
  class space    used 6792K, committed 7360K, reserved 1048576K
}
Event: 10.954 GC heap after
{Heap after GC invocations=38 (full 3):
 PSYoungGen      total 20480K, used 2419K [0x00000000d5580000, 0x00000000d6c00000, 0x0000000100000000)
  eden space 17920K, 0% used [0x00000000d5580000,0x00000000d5580000,0x00000000d6700000)
  from space 2560K, 94% used [0x00000000d6700000,0x00000000d695cf88,0x00000000d6980000)
  to   space 2560K, 0% used [0x00000000d6980000,0x00000000d6980000,0x00000000d6c00000)
 ParOldGen       total 68608K, used 42732K [0x0000000080000000, 0x0000000084300000, 0x00000000d5580000)
  object space 68608K, 62% used [0x0000000080000000,0x00000000829bb040,0x0000000084300000)
 Metaspace       used 62084K, committed 63488K, reserved 1114112K
  class space    used 6792K, committed 7360K, reserved 1048576K
}
Event: 11.115 GC heap before
{Heap before GC invocations=39 (full 3):
 PSYoungGen      total 20480K, used 20339K [0x00000000d5580000, 0x00000000d6c00000, 0x0000000100000000)
  eden space 17920K, 100% used [0x00000000d5580000,0x00000000d6700000,0x00000000d6700000)
  from space 2560K, 94% used [0x00000000d6700000,0x00000000d695cf88,0x00000000d6980000)
  to   space 2560K, 0% used [0x00000000d6980000,0x00000000d6980000,0x00000000d6c00000)
 ParOldGen       total 68608K, used 42732K [0x0000000080000000, 0x0000000084300000, 0x00000000d5580000)
  object space 68608K, 62% used [0x0000000080000000,0x00000000829bb040,0x0000000084300000)
 Metaspace       used 63175K, committed 64512K, reserved 1114112K
  class space    used 6916K, committed 7488K, reserved 1048576K
}
Event: 11.119 GC heap after
{Heap after GC invocations=39 (full 3):
 PSYoungGen      total 17920K, used 2528K [0x00000000d5580000, 0x00000000d7100000, 0x0000000100000000)
  eden space 15360K, 0% used [0x00000000d5580000,0x00000000d5580000,0x00000000d6480000)
  from space 2560K, 98% used [0x00000000d6980000,0x00000000d6bf8038,0x00000000d6c00000)
  to   space 5120K, 0% used [0x00000000d6480000,0x00000000d6480000,0x00000000d6980000)
 ParOldGen       total 68608K, used 44839K [0x0000000080000000, 0x0000000084300000, 0x00000000d5580000)
  object space 68608K, 65% used [0x0000000080000000,0x0000000082bc9c18,0x0000000084300000)
 Metaspace       used 63175K, committed 64512K, reserved 1114112K
  class space    used 6916K, committed 7488K, reserved 1048576K
}
Event: 11.287 GC heap before
{Heap before GC invocations=40 (full 3):
 PSYoungGen      total 17920K, used 17888K [0x00000000d5580000, 0x00000000d7100000, 0x0000000100000000)
  eden space 15360K, 100% used [0x00000000d5580000,0x00000000d6480000,0x00000000d6480000)
  from space 2560K, 98% used [0x00000000d6980000,0x00000000d6bf8038,0x00000000d6c00000)
  to   space 5120K, 0% used [0x00000000d6480000,0x00000000d6480000,0x00000000d6980000)
 ParOldGen       total 68608K, used 44839K [0x0000000080000000, 0x0000000084300000, 0x00000000d5580000)
  object space 68608K, 65% used [0x0000000080000000,0x0000000082bc9c18,0x0000000084300000)
 Metaspace       used 64466K, committed 65920K, reserved 1114112K
  class space    used 7041K, committed 7680K, reserved 1048576K
}
Event: 11.291 GC heap after
{Heap after GC invocations=40 (full 3):
 PSYoungGen      total 17920K, used 2493K [0x00000000d5580000, 0x00000000d6b80000, 0x0000000100000000)
  eden space 15360K, 0% used [0x00000000d5580000,0x00000000d5580000,0x00000000d6480000)
  from space 2560K, 97% used [0x00000000d6480000,0x00000000d66ef640,0x00000000d6700000)
  to   space 3584K, 0% used [0x00000000d6800000,0x00000000d6800000,0x00000000d6b80000)
 ParOldGen       total 68608K, used 47204K [0x0000000080000000, 0x0000000084300000, 0x00000000d5580000)
  object space 68608K, 68% used [0x0000000080000000,0x0000000082e19258,0x0000000084300000)
 Metaspace       used 64466K, committed 65920K, reserved 1114112K
  class space    used 7041K, committed 7680K, reserved 1048576K
}
Event: 11.391 GC heap before
{Heap before GC invocations=41 (full 3):
 PSYoungGen      total 17920K, used 17853K [0x00000000d5580000, 0x00000000d6b80000, 0x0000000100000000)
  eden space 15360K, 100% used [0x00000000d5580000,0x00000000d6480000,0x00000000d6480000)
  from space 2560K, 97% used [0x00000000d6480000,0x00000000d66ef640,0x00000000d6700000)
  to   space 3584K, 0% used [0x00000000d6800000,0x00000000d6800000,0x00000000d6b80000)
 ParOldGen       total 68608K, used 47204K [0x0000000080000000, 0x0000000084300000, 0x00000000d5580000)
  object space 68608K, 68% used [0x0000000080000000,0x0000000082e19258,0x0000000084300000)
 Metaspace       used 64885K, committed 66304K, reserved 1114112K
  class space    used 7070K, committed 7680K, reserved 1048576K
}
Event: 11.394 GC heap after
{Heap after GC invocations=41 (full 3):
 PSYoungGen      total 18432K, used 2694K [0x00000000d5580000, 0x00000000d6b00000, 0x0000000100000000)
  eden space 15360K, 0% used [0x00000000d5580000,0x00000000d5580000,0x00000000d6480000)
  from space 3072K, 87% used [0x00000000d6800000,0x00000000d6aa1990,0x00000000d6b00000)
  to   space 3072K, 0% used [0x00000000d6500000,0x00000000d6500000,0x00000000d6800000)
 ParOldGen       total 68608K, used 49518K [0x0000000080000000, 0x0000000084300000, 0x00000000d5580000)
  object space 68608K, 72% used [0x0000000080000000,0x000000008305b930,0x0000000084300000)
 Metaspace       used 64885K, committed 66304K, reserved 1114112K
  class space    used 7070K, committed 7680K, reserved 1048576K
}
Event: 11.520 GC heap before
{Heap before GC invocations=42 (full 3):
 PSYoungGen      total 18432K, used 18054K [0x00000000d5580000, 0x00000000d6b00000, 0x0000000100000000)
  eden space 15360K, 100% used [0x00000000d5580000,0x00000000d6480000,0x00000000d6480000)
  from space 3072K, 87% used [0x00000000d6800000,0x00000000d6aa1990,0x00000000d6b00000)
  to   space 3072K, 0% used [0x00000000d6500000,0x00000000d6500000,0x00000000d6800000)
 ParOldGen       total 68608K, used 49518K [0x0000000080000000, 0x0000000084300000, 0x00000000d5580000)
  object space 68608K, 72% used [0x0000000080000000,0x000000008305b930,0x0000000084300000)
 Metaspace       used 65040K, committed 66432K, reserved 1114112K
  class space    used 7080K, committed 7680K, reserved 1048576K
}
Event: 11.524 GC heap after
{Heap after GC invocations=42 (full 3):
 PSYoungGen      total 18432K, used 3009K [0x00000000d5580000, 0x00000000d6a80000, 0x0000000100000000)
  eden space 15360K, 0% used [0x00000000d5580000,0x00000000d5580000,0x00000000d6480000)
  from space 3072K, 97% used [0x00000000d6500000,0x00000000d67f05a0,0x00000000d6800000)
  to   space 2560K, 0% used [0x00000000d6800000,0x00000000d6800000,0x00000000d6a80000)
 ParOldGen       total 68608K, used 51898K [0x0000000080000000, 0x0000000084300000, 0x00000000d5580000)
  object space 68608K, 75% used [0x0000000080000000,0x00000000832ae848,0x0000000084300000)
 Metaspace       used 65040K, committed 66432K, reserved 1114112K
  class space    used 7080K, committed 7680K, reserved 1048576K
}

Dll operation events (14 events):
Event: 0.014 Loaded shared library c:\Users\55379\.vscode\extensions\redhat.java-1.53.0-win32-x64\jre\21.0.10-win32-x86_64\bin\java.dll
Event: 0.109 Loaded shared library c:\Users\55379\.vscode\extensions\redhat.java-1.53.0-win32-x64\jre\21.0.10-win32-x86_64\bin\zip.dll
Event: 0.141 Loaded shared library C:\Users\55379\.vscode\extensions\redhat.java-1.53.0-win32-x64\jre\21.0.10-win32-x86_64\bin\instrument.dll
Event: 0.156 Loaded shared library C:\Users\55379\.vscode\extensions\redhat.java-1.53.0-win32-x64\jre\21.0.10-win32-x86_64\bin\net.dll
Event: 0.160 Loaded shared library C:\Users\55379\.vscode\extensions\redhat.java-1.53.0-win32-x64\jre\21.0.10-win32-x86_64\bin\nio.dll
Event: 0.165 Loaded shared library C:\Users\55379\.vscode\extensions\redhat.java-1.53.0-win32-x64\jre\21.0.10-win32-x86_64\bin\zip.dll
Event: 0.181 Loaded shared library C:\Users\55379\.vscode\extensions\redhat.java-1.53.0-win32-x64\jre\21.0.10-win32-x86_64\bin\jimage.dll
Event: 0.275 Loaded shared library c:\Users\55379\.vscode\extensions\redhat.java-1.53.0-win32-x64\jre\21.0.10-win32-x86_64\bin\verify.dll
Event: 1.629 Loaded shared library C:\Users\55379\AppData\Roaming\Code\User\globalStorage\redhat.java\1.53.0\config_win\org.eclipse.equinox.launcher\org.eclipse.equinox.launcher.win32.win32.x86_64_1.3.0.v20260203-2149\eclipse_11919.dll
Event: 3.034 Loaded shared library C:\Users\55379\.vscode\extensions\redhat.java-1.53.0-win32-x64\jre\21.0.10-win32-x86_64\bin\management.dll
Event: 3.041 Loaded shared library C:\Users\55379\.vscode\extensions\redhat.java-1.53.0-win32-x64\jre\21.0.10-win32-x86_64\bin\management_ext.dll
Event: 5.203 Loaded shared library C:\Users\55379\AppData\Local\Temp\jna-50576309\jna16877653030039724017.dll
Event: 5.401 Loaded shared library C:\Users\55379\.vscode\extensions\redhat.java-1.53.0-win32-x64\jre\21.0.10-win32-x86_64\bin\sunmscapi.dll
Event: 6.373 Loaded shared library C:\Users\55379\.vscode\extensions\redhat.java-1.53.0-win32-x64\jre\21.0.10-win32-x86_64\bin\extnet.dll

Deoptimization events (20 events):
Event: 11.501 Thread 0x0000026741bc78d0 DEOPT PACKING pc=0x00000267668ca383 sp=0x000000db799fe4b0
Event: 11.501 Thread 0x0000026741bc78d0 DEOPT UNPACKING pc=0x000002676cf54242 sp=0x000000db799fda18 mode 0
Event: 11.506 Thread 0x000002674445bf40 DEOPT PACKING pc=0x0000026766a1642b sp=0x000000db7c3fd590
Event: 11.506 Thread 0x000002674445bf40 DEOPT UNPACKING pc=0x000002676cf54242 sp=0x000000db7c3fca60 mode 0
Event: 11.507 Thread 0x000002674445bf40 DEOPT PACKING pc=0x0000026766a1642b sp=0x000000db7c3fd590
Event: 11.507 Thread 0x000002674445bf40 DEOPT UNPACKING pc=0x000002676cf54242 sp=0x000000db7c3fca60 mode 0
Event: 11.512 Thread 0x000002674445bf40 DEOPT PACKING pc=0x0000026766a1642b sp=0x000000db7c3fd590
Event: 11.512 Thread 0x000002674445bf40 DEOPT UNPACKING pc=0x000002676cf54242 sp=0x000000db7c3fca60 mode 0
Event: 11.513 Thread 0x000002674445bf40 DEOPT PACKING pc=0x0000026766a1642b sp=0x000000db7c3fd590
Event: 11.513 Thread 0x000002674445bf40 DEOPT UNPACKING pc=0x000002676cf54242 sp=0x000000db7c3fca60 mode 0
Event: 11.529 Thread 0x0000026741bc78d0 DEOPT PACKING pc=0x00000267667ecf62 sp=0x000000db799fe480
Event: 11.529 Thread 0x0000026741bc78d0 DEOPT UNPACKING pc=0x000002676cf54242 sp=0x000000db799fd9f8 mode 0
Event: 11.533 Thread 0x0000026741bc78d0 DEOPT PACKING pc=0x00000267668ca383 sp=0x000000db799fe4b0
Event: 11.533 Thread 0x0000026741bc78d0 DEOPT UNPACKING pc=0x000002676cf54242 sp=0x000000db799fda18 mode 0
Event: 11.545 Thread 0x0000026741bc78d0 DEOPT PACKING pc=0x00000267668ca383 sp=0x000000db799fe4b0
Event: 11.545 Thread 0x0000026741bc78d0 DEOPT UNPACKING pc=0x000002676cf54242 sp=0x000000db799fda18 mode 0
Event: 11.595 Thread 0x0000026741bc78d0 DEOPT PACKING pc=0x00000267667ecf62 sp=0x000000db799fe480
Event: 11.595 Thread 0x0000026741bc78d0 DEOPT UNPACKING pc=0x000002676cf54242 sp=0x000000db799fd9f8 mode 0
Event: 11.614 Thread 0x0000026741bc78d0 DEOPT PACKING pc=0x00000267668ca383 sp=0x000000db799fe4b0
Event: 11.614 Thread 0x0000026741bc78d0 DEOPT UNPACKING pc=0x000002676cf54242 sp=0x000000db799fda18 mode 0

Classes loaded (20 events):
Event: 10.806 Loading class java/io/SequenceInputStream
Event: 10.806 Loading class java/io/SequenceInputStream done
Event: 10.883 Loading class java/util/stream/ReduceOps$4
Event: 10.883 Loading class java/util/stream/ReduceOps$4 done
Event: 10.883 Loading class java/util/stream/ReduceOps$4ReducingSink
Event: 10.883 Loading class java/util/stream/ReduceOps$4ReducingSink done
Event: 10.885 Loading class java/nio/file/Files$2
Event: 10.885 Loading class java/nio/file/Files$2 done
Event: 10.942 Loading class java/util/concurrent/ArrayBlockingQueue
Event: 10.942 Loading class java/util/concurrent/ArrayBlockingQueue done
Event: 11.084 Loading class java/util/concurrent/ConcurrentHashMap$KeySpliterator
Event: 11.084 Loading class java/util/concurrent/ConcurrentHashMap$KeySpliterator done
Event: 11.149 Loading class java/util/concurrent/CompletableFuture$UniApply
Event: 11.149 Loading class java/util/concurrent/CompletableFuture$UniCompletion
Event: 11.149 Loading class java/util/concurrent/CompletableFuture$UniCompletion done
Event: 11.149 Loading class java/util/concurrent/CompletableFuture$UniApply done
Event: 11.150 Loading class java/util/concurrent/CompletableFuture$UniAccept
Event: 11.150 Loading class java/util/concurrent/CompletableFuture$UniAccept done
Event: 11.150 Loading class java/util/concurrent/CompletableFuture$UniExceptionally
Event: 11.150 Loading class java/util/concurrent/CompletableFuture$UniExceptionally done

Classes unloaded (11 events):
Event: 4.013 Thread 0x0000026762724400 Unloading class 0x00000267011ab800 'java/lang/invoke/LambdaForm$MH+0x00000267011ab800'
Event: 4.013 Thread 0x0000026762724400 Unloading class 0x00000267011ab400 'java/lang/invoke/LambdaForm$MH+0x00000267011ab400'
Event: 4.013 Thread 0x0000026762724400 Unloading class 0x00000267011ab000 'java/lang/invoke/LambdaForm$MH+0x00000267011ab000'
Event: 4.013 Thread 0x0000026762724400 Unloading class 0x00000267011aac00 'java/lang/invoke/LambdaForm$MH+0x00000267011aac00'
Event: 4.013 Thread 0x0000026762724400 Unloading class 0x00000267011aa800 'java/lang/invoke/LambdaForm$BMH+0x00000267011aa800'
Event: 4.013 Thread 0x0000026762724400 Unloading class 0x00000267011aa400 'java/lang/invoke/LambdaForm$DMH+0x00000267011aa400'
Event: 4.013 Thread 0x0000026762724400 Unloading class 0x00000267011a9000 'java/lang/invoke/LambdaForm$DMH+0x00000267011a9000'
Event: 5.640 Thread 0x0000026762724400 Unloading class 0x00000267012f2800 'java/lang/invoke/LambdaForm$MH+0x00000267012f2800'
Event: 5.640 Thread 0x0000026762724400 Unloading class 0x00000267012f1c00 'java/lang/invoke/LambdaForm$MH+0x00000267012f1c00'
Event: 5.640 Thread 0x0000026762724400 Unloading class 0x00000267012f1800 'java/lang/invoke/LambdaForm$DMH+0x00000267012f1800'
Event: 5.640 Thread 0x0000026762724400 Unloading class 0x00000267012f0400 'java/lang/invoke/LambdaForm$MH+0x00000267012f0400'

Classes redefined (0 events):
No events

Internal exceptions (20 events):
Event: 11.119 Thread 0x000002674179b270 Exception <a 'sun/nio/fs/WindowsException'{0x00000000d5580020}> (0x00000000d5580020) 
thrown [s\src\hotspot\share\prims\jni.cpp, line 520]
Event: 11.130 Thread 0x000002674179b270 Exception <a 'sun/nio/fs/WindowsException'{0x00000000d56879c8}> (0x00000000d56879c8) 
thrown [s\src\hotspot\share\prims\jni.cpp, line 520]
Event: 11.148 Thread 0x0000026741bf2e80 Exception <a 'java/lang/IncompatibleClassChangeError'{0x00000000d58c8890}: Found class java.lang.Object, but interface was expected> (0x00000000d58c8890) 
thrown [s\src\hotspot\share\interpreter\linkResolver.cpp, line 840]
Event: 11.155 Thread 0x0000026741bf2e80 Exception <a 'java/lang/IncompatibleClassChangeError'{0x00000000d59c09a8}: Found class java.lang.Object, but interface was expected> (0x00000000d59c09a8) 
thrown [s\src\hotspot\share\interpreter\linkResolver.cpp, line 840]
Event: 11.162 Thread 0x0000026741bf2e80 Exception <a 'java/lang/IncompatibleClassChangeError'{0x00000000d5a63040}: Found class java.lang.Object, but interface was expected> (0x00000000d5a63040) 
thrown [s\src\hotspot\share\interpreter\linkResolver.cpp, line 840]
Event: 11.199 Thread 0x000002674179b270 Exception <a 'sun/nio/fs/WindowsException'{0x00000000d5a53bf0}> (0x00000000d5a53bf0) 
thrown [s\src\hotspot\share\prims\jni.cpp, line 520]
Event: 11.200 Thread 0x000002674179b270 Exception <a 'sun/nio/fs/WindowsException'{0x00000000d5a54240}> (0x00000000d5a54240) 
thrown [s\src\hotspot\share\prims\jni.cpp, line 520]
Event: 11.256 Thread 0x0000026741bf2e80 Exception <a 'java/lang/IncompatibleClassChangeError'{0x00000000d6095f00}: Found class java.lang.Object, but interface was expected> (0x00000000d6095f00) 
thrown [s\src\hotspot\share\interpreter\linkResolver.cpp, line 840]
Event: 11.274 Thread 0x0000026741bc7240 Exception <a 'java/lang/NoSuchMethodError'{0x00000000d626b4b8}: 'java.lang.Object java.lang.invoke.DirectMethodHandle$Holder.invokeSpecial(java.lang.Object, java.lang.Object, int, long)'> (0x00000000d626b4b8) 
thrown [s\src\hotspot\share\interpreter\linkResolver.cpp, line 773]
Event: 11.303 Thread 0x0000026741bc7f60 Exception <a 'sun/nio/fs/WindowsException'{0x00000000d56684e0}> (0x00000000d56684e0) 
thrown [s\src\hotspot\share\prims\jni.cpp, line 520]
Event: 11.304 Thread 0x0000026741bc7f60 Exception <a 'sun/nio/fs/WindowsException'{0x00000000d5668b30}> (0x00000000d5668b30) 
thrown [s\src\hotspot\share\prims\jni.cpp, line 520]
Event: 11.305 Thread 0x0000026741bc7f60 Exception <a 'sun/nio/fs/WindowsException'{0x00000000d56698a0}> (0x00000000d56698a0) 
thrown [s\src\hotspot\share\prims\jni.cpp, line 520]
Event: 11.305 Thread 0x0000026741bc7f60 Exception <a 'sun/nio/fs/WindowsException'{0x00000000d5669ef0}> (0x00000000d5669ef0) 
thrown [s\src\hotspot\share\prims\jni.cpp, line 520]
Event: 11.322 Thread 0x0000026741bc78d0 Implicit null exception at 0x000002676d8cb569 to 0x000002676d8cb788
Event: 11.331 Thread 0x0000026741bc7f60 Exception <a 'java/io/FileNotFoundException'{0x00000000d5c93de0}> (0x00000000d5c93de0) 
thrown [s\src\hotspot\share\prims\jni.cpp, line 520]
Event: 11.331 Thread 0x0000026741bc7f60 Exception <a 'java/io/FileNotFoundException'{0x00000000d5c94b98}> (0x00000000d5c94b98) 
thrown [s\src\hotspot\share\prims\jni.cpp, line 520]
Event: 11.337 Thread 0x0000026741bc7f60 Exception <a 'sun/nio/fs/WindowsException'{0x00000000d5d30530}> (0x00000000d5d30530) 
thrown [s\src\hotspot\share\prims\jni.cpp, line 520]
Event: 11.338 Thread 0x0000026741bc7f60 Exception <a 'sun/nio/fs/WindowsException'{0x00000000d5d30b80}> (0x00000000d5d30b80) 
thrown [s\src\hotspot\share\prims\jni.cpp, line 520]
Event: 11.338 Thread 0x0000026741bc7f60 Exception <a 'sun/nio/fs/WindowsException'{0x00000000d5d318b0}> (0x00000000d5d318b0) 
thrown [s\src\hotspot\share\prims\jni.cpp, line 520]
Event: 11.338 Thread 0x0000026741bc7f60 Exception <a 'sun/nio/fs/WindowsException'{0x00000000d5d31f00}> (0x00000000d5d31f00) 
thrown [s\src\hotspot\share\prims\jni.cpp, line 520]

ZGC Phase Switch (0 events):
No events

VM Operations (20 events):
Event: 10.649 Executing non-safepoint VM operation: HandshakeAllThreads (Deoptimize)
Event: 10.653 Executing non-safepoint VM operation: HandshakeAllThreads (Deoptimize) done
Event: 10.659 Executing non-safepoint VM operation: HandshakeAllThreads (Deoptimize)
Event: 10.663 Executing non-safepoint VM operation: HandshakeAllThreads (Deoptimize) done
Event: 10.767 Executing safepoint VM operation: ParallelGCFailedAllocation (Allocation Failure)
Event: 10.775 Executing safepoint VM operation: ParallelGCFailedAllocation (Allocation Failure) done
Event: 10.892 Executing non-safepoint VM operation: HandshakeAllThreads (Deoptimize)
Event: 10.894 Executing non-safepoint VM operation: HandshakeAllThreads (Deoptimize) done
Event: 10.949 Executing safepoint VM operation: ParallelGCFailedAllocation (Allocation Failure)
Event: 10.954 Executing safepoint VM operation: ParallelGCFailedAllocation (Allocation Failure) done
Event: 11.115 Executing safepoint VM operation: ParallelGCFailedAllocation (Allocation Failure)
Event: 11.119 Executing safepoint VM operation: ParallelGCFailedAllocation (Allocation Failure) done
Event: 11.284 Executing non-safepoint VM operation: HandshakeAllThreads (Deoptimize)
Event: 11.284 Executing non-safepoint VM operation: HandshakeAllThreads (Deoptimize) done
Event: 11.287 Executing safepoint VM operation: ParallelGCFailedAllocation (Allocation Failure)
Event: 11.291 Executing safepoint VM operation: ParallelGCFailedAllocation (Allocation Failure) done
Event: 11.391 Executing safepoint VM operation: ParallelGCFailedAllocation (Allocation Failure)
Event: 11.394 Executing safepoint VM operation: ParallelGCFailedAllocation (Allocation Failure) done
Event: 11.520 Executing safepoint VM operation: ParallelGCFailedAllocation (Allocation Failure)
Event: 11.524 Executing safepoint VM operation: ParallelGCFailedAllocation (Allocation Failure) done

Memory protections (0 events):
No events

Nmethod flushes (20 events):
Event: 10.197 Thread 0x0000026762724400 flushing  nmethod 0x0000026766235e90
Event: 10.197 Thread 0x0000026762724400 flushing  nmethod 0x0000026766236710
Event: 10.197 Thread 0x0000026762724400 flushing  nmethod 0x0000026766238e10
Event: 10.197 Thread 0x0000026762724400 flushing  nmethod 0x0000026766242c90
Event: 10.197 Thread 0x0000026762724400 flushing  nmethod 0x0000026766247910
Event: 10.197 Thread 0x0000026762724400 flushing  nmethod 0x000002676624ff90
Event: 10.197 Thread 0x0000026762724400 flushing  nmethod 0x0000026766252a90
Event: 10.197 Thread 0x0000026762724400 flushing  nmethod 0x000002676625e810
Event: 10.197 Thread 0x0000026762724400 flushing  nmethod 0x0000026766280e10
Event: 10.197 Thread 0x0000026762724400 flushing  nmethod 0x0000026766299810
Event: 10.197 Thread 0x0000026762724400 flushing  nmethod 0x000002676629b290
Event: 10.197 Thread 0x0000026762724400 flushing  nmethod 0x000002676629c290
Event: 10.197 Thread 0x0000026762724400 flushing  nmethod 0x000002676629c690
Event: 10.197 Thread 0x0000026762724400 flushing  nmethod 0x000002676629cb10
Event: 10.197 Thread 0x0000026762724400 flushing  nmethod 0x00000267662a3010
Event: 10.197 Thread 0x0000026762724400 flushing  nmethod 0x00000267662a4810
Event: 10.197 Thread 0x0000026762724400 flushing  nmethod 0x00000267662a5d90
Event: 10.197 Thread 0x0000026762724400 flushing  nmethod 0x00000267662a6310
Event: 10.197 Thread 0x0000026762724400 flushing  nmethod 0x00000267662a7510
Event: 10.197 Thread 0x0000026762724400 flushing  nmethod 0x00000267662a8390

Events (20 events):
Event: 9.906 Thread 0x0000026741becc10 Thread exited: 0x0000026741becc10
Event: 9.931 Thread 0x000002674170e7c0 Thread added: 0x0000026741becc10
Event: 9.945 Thread 0x0000026741becc10 Thread added: 0x0000026741bed930
Event: 9.946 Thread 0x0000026741becc10 Thread added: 0x0000026741bf0090
Event: 9.947 Thread 0x0000026741bf0090 Thread exited: 0x0000026741bf0090
Event: 9.947 Thread 0x0000026741bed930 Thread exited: 0x0000026741bed930
Event: 9.948 Thread 0x0000026741becc10 Thread exited: 0x0000026741becc10
Event: 10.242 Thread 0x0000026741a98be0 Thread exited: 0x0000026741a98be0
Event: 10.242 Thread 0x000002677f6bd910 Thread exited: 0x000002677f6bd910
Event: 10.243 Thread 0x00000267627757d0 Thread added: 0x0000026743676150
Event: 10.253 Thread 0x0000026743676150 Thread added: 0x0000026741a2ddd0
Event: 10.845 Thread 0x000002674179b270 Thread added: 0x0000026741bf0720
Event: 10.943 Thread 0x000002674179b270 Thread added: 0x0000026741becc10
Event: 11.089 Thread 0x000002674179b270 Thread added: 0x0000026741bed930
Event: 11.138 Thread 0x000002674179b270 Thread added: 0x0000026741bedfc0
Event: 11.150 Thread 0x0000026741bf2e80 Thread added: 0x0000026744457710
Event: 11.156 Thread 0x0000026741bf2e80 Thread added: 0x000002674445bf40
Event: 11.160 Thread 0x000002674179b270 Thread added: 0x0000026744458ac0
Event: 11.254 Thread 0x0000026741bf2e80 Thread added: 0x0000026744457da0
Event: 11.316 Thread 0x0000026744457da0 Thread added: 0x000002674445c5d0


Dynamic libraries:
0x00007ff626260000 - 0x00007ff62626e000 	c:\Users\55379\.vscode\extensions\redhat.java-1.53.0-win32-x64\jre\21.0.10-win32-x86_64\bin\java.exe
0x00007ff9e0530000 - 0x00007ff9e0748000 	C:\WINDOWS\SYSTEM32\ntdll.dll
0x00007ff9dfc00000 - 0x00007ff9dfcc4000 	C:\WINDOWS\System32\KERNEL32.DLL
0x00007ff9dd8d0000 - 0x00007ff9ddca3000 	C:\WINDOWS\System32\KERNELBASE.dll
0x00007ff9de0b0000 - 0x00007ff9de1c1000 	C:\WINDOWS\System32\ucrtbase.dll
0x00007ff9cbc10000 - 0x00007ff9cbc28000 	c:\Users\55379\.vscode\extensions\redhat.java-1.53.0-win32-x64\jre\21.0.10-win32-x86_64\bin\jli.dll
0x00007ff9de1d0000 - 0x00007ff9de382000 	C:\WINDOWS\System32\USER32.dll
0x00007ff9dde90000 - 0x00007ff9ddeb6000 	C:\WINDOWS\System32\win32u.dll
0x00007ff9de4a0000 - 0x00007ff9de4c9000 	C:\WINDOWS\System32\GDI32.dll
0x00007ff9dd6f0000 - 0x00007ff9dd80b000 	C:\WINDOWS\System32\gdi32full.dll
0x00007ff9dddf0000 - 0x00007ff9dde8a000 	C:\WINDOWS\System32\msvcp_win.dll
0x00007ff9d4d30000 - 0x00007ff9d4d4e000 	c:\Users\55379\.vscode\extensions\redhat.java-1.53.0-win32-x64\jre\21.0.10-win32-x86_64\bin\VCRUNTIME140.dll
0x00007ff9bcc10000 - 0x00007ff9bceac000 	C:\WINDOWS\WinSxS\amd64_microsoft.windows.common-controls_6595b64144ccf1df_6.0.22621.6060_none_2712eda17382d24b\COMCTL32.dll
0x00007ff9e0090000 - 0x00007ff9e0137000 	C:\WINDOWS\System32\msvcrt.dll
0x00007ff9e0400000 - 0x00007ff9e0431000 	C:\WINDOWS\System32\IMM32.DLL
0x00007ff9d9fb0000 - 0x00007ff9d9fbc000 	c:\Users\55379\.vscode\extensions\redhat.java-1.53.0-win32-x64\jre\21.0.10-win32-x86_64\bin\vcruntime140_1.dll
0x00007ff982d90000 - 0x00007ff982e1d000 	c:\Users\55379\.vscode\extensions\redhat.java-1.53.0-win32-x64\jre\21.0.10-win32-x86_64\bin\msvcp140.dll
0x00007ff92a860000 - 0x00007ff92b601000 	c:\Users\55379\.vscode\extensions\redhat.java-1.53.0-win32-x64\jre\21.0.10-win32-x86_64\bin\server\jvm.dll
0x00007ff9deb20000 - 0x00007ff9debd1000 	C:\WINDOWS\System32\ADVAPI32.dll
0x00007ff9e0440000 - 0x00007ff9e04e8000 	C:\WINDOWS\System32\sechost.dll
0x00007ff9dd6c0000 - 0x00007ff9dd6e8000 	C:\WINDOWS\System32\bcrypt.dll
0x00007ff9df900000 - 0x00007ff9dfa18000 	C:\WINDOWS\System32\RPCRT4.dll
0x00007ff9de8e0000 - 0x00007ff9de951000 	C:\WINDOWS\System32\WS2_32.dll
0x00007ff9dc490000 - 0x00007ff9dc4dd000 	C:\WINDOWS\SYSTEM32\POWRPROF.dll
0x00007ff9d4ea0000 - 0x00007ff9d4ed4000 	C:\WINDOWS\SYSTEM32\WINMM.dll
0x00007ff9d2090000 - 0x00007ff9d209a000 	C:\WINDOWS\SYSTEM32\VERSION.dll
0x00007ff9dc470000 - 0x00007ff9dc483000 	C:\WINDOWS\SYSTEM32\UMPDC.dll
0x00007ff9dc710000 - 0x00007ff9dc728000 	C:\WINDOWS\SYSTEM32\kernel.appcore.dll
0x00007ff9d8340000 - 0x00007ff9d834a000 	c:\Users\55379\.vscode\extensions\redhat.java-1.53.0-win32-x64\jre\21.0.10-win32-x86_64\bin\jimage.dll
0x00007ff9daa60000 - 0x00007ff9dac93000 	C:\WINDOWS\SYSTEM32\DBGHELP.DLL
0x00007ff9de540000 - 0x00007ff9de8d1000 	C:\WINDOWS\System32\combase.dll
0x00007ff9e0210000 - 0x00007ff9e02e8000 	C:\WINDOWS\System32\OLEAUT32.dll
0x00007ff9d4e60000 - 0x00007ff9d4e92000 	C:\WINDOWS\SYSTEM32\dbgcore.DLL
0x00007ff9dd640000 - 0x00007ff9dd6bb000 	C:\WINDOWS\System32\bcryptPrimitives.dll
0x00007ff9d4e10000 - 0x00007ff9d4e1f000 	c:\Users\55379\.vscode\extensions\redhat.java-1.53.0-win32-x64\jre\21.0.10-win32-x86_64\bin\instrument.dll
0x00007ff9cbb00000 - 0x00007ff9cbb20000 	c:\Users\55379\.vscode\extensions\redhat.java-1.53.0-win32-x64\jre\21.0.10-win32-x86_64\bin\java.dll
0x00007ff9df060000 - 0x00007ff9df8fc000 	C:\WINDOWS\System32\SHELL32.dll
0x00007ff9ddcb0000 - 0x00007ff9dddef000 	C:\WINDOWS\System32\wintypes.dll
0x00007ff9db550000 - 0x00007ff9dbe6a000 	C:\WINDOWS\SYSTEM32\windows.storage.dll
0x00007ff9de390000 - 0x00007ff9de494000 	C:\WINDOWS\System32\SHCORE.dll
0x00007ff9dfcd0000 - 0x00007ff9dfd39000 	C:\WINDOWS\System32\shlwapi.dll
0x00007ff9dd570000 - 0x00007ff9dd595000 	C:\WINDOWS\SYSTEM32\profapi.dll
0x00007ff9cbaa0000 - 0x00007ff9cbab8000 	c:\Users\55379\.vscode\extensions\redhat.java-1.53.0-win32-x64\jre\21.0.10-win32-x86_64\bin\zip.dll
0x00007ff9d4d60000 - 0x00007ff9d4d70000 	C:\Users\55379\.vscode\extensions\redhat.java-1.53.0-win32-x64\jre\21.0.10-win32-x86_64\bin\net.dll
0x00007ff9d4830000 - 0x00007ff9d495c000 	C:\WINDOWS\SYSTEM32\WINHTTP.dll
0x00007ff9dcbf0000 - 0x00007ff9dcc59000 	C:\WINDOWS\system32\mswsock.dll
0x00007ff9cb8e0000 - 0x00007ff9cb8f6000 	C:\Users\55379\.vscode\extensions\redhat.java-1.53.0-win32-x64\jre\21.0.10-win32-x86_64\bin\nio.dll
0x00007ff9d4d00000 - 0x00007ff9d4d10000 	c:\Users\55379\.vscode\extensions\redhat.java-1.53.0-win32-x64\jre\21.0.10-win32-x86_64\bin\verify.dll
0x00007ff9b6980000 - 0x00007ff9b69c5000 	C:\Users\55379\AppData\Roaming\Code\User\globalStorage\redhat.java\1.53.0\config_win\org.eclipse.equinox.launcher\org.eclipse.equinox.launcher.win32.win32.x86_64_1.3.0.v20260203-2149\eclipse_11919.dll
0x00007ff9dfe30000 - 0x00007ff9dffd1000 	C:\WINDOWS\System32\ole32.dll
0x00007ff9cc570000 - 0x00007ff9cc57a000 	C:\Users\55379\.vscode\extensions\redhat.java-1.53.0-win32-x64\jre\21.0.10-win32-x86_64\bin\management.dll
0x00007ff9cc4f0000 - 0x00007ff9cc4fc000 	C:\Users\55379\.vscode\extensions\redhat.java-1.53.0-win32-x64\jre\21.0.10-win32-x86_64\bin\management_ext.dll
0x00007ff9e0200000 - 0x00007ff9e0208000 	C:\WINDOWS\System32\PSAPI.DLL
0x00007ff9dce50000 - 0x00007ff9dce6b000 	C:\WINDOWS\SYSTEM32\CRYPTSP.dll
0x00007ff9dc670000 - 0x00007ff9dc6a7000 	C:\WINDOWS\system32\rsaenh.dll
0x00007ff9dcce0000 - 0x00007ff9dcd08000 	C:\WINDOWS\SYSTEM32\USERENV.dll
0x00007ff9dce40000 - 0x00007ff9dce4c000 	C:\WINDOWS\SYSTEM32\CRYPTBASE.dll
0x00007ff9dc140000 - 0x00007ff9dc16d000 	C:\WINDOWS\SYSTEM32\IPHLPAPI.DLL
0x00007ff9dfdd0000 - 0x00007ff9dfdd9000 	C:\WINDOWS\System32\NSI.dll
0x00007ff9a5f30000 - 0x00007ff9a5f79000 	C:\Users\55379\AppData\Local\Temp\jna-50576309\jna16877653030039724017.dll
0x00007ff9d34b0000 - 0x00007ff9d34c9000 	C:\WINDOWS\SYSTEM32\dhcpcsvc6.DLL
0x00007ff9d32c0000 - 0x00007ff9d32df000 	C:\WINDOWS\SYSTEM32\dhcpcsvc.DLL
0x00007ff9cc450000 - 0x00007ff9cc45e000 	C:\Users\55379\.vscode\extensions\redhat.java-1.53.0-win32-x64\jre\21.0.10-win32-x86_64\bin\sunmscapi.dll
0x00007ff9ddf40000 - 0x00007ff9de0a8000 	C:\WINDOWS\System32\CRYPT32.dll
0x00007ff9dcfe0000 - 0x00007ff9dd00e000 	C:\WINDOWS\SYSTEM32\ncrypt.dll
0x00007ff9dcfa0000 - 0x00007ff9dcfd7000 	C:\WINDOWS\SYSTEM32\NTASN1.dll
0x00007ff9dc170000 - 0x00007ff9dc268000 	C:\WINDOWS\SYSTEM32\DNSAPI.dll
0x00007ff9d3270000 - 0x00007ff9d327a000 	C:\Windows\System32\rasadhlp.dll
0x00007ff9d2df0000 - 0x00007ff9d2e74000 	C:\WINDOWS\System32\fwpuclnt.dll
0x00007ff9cb530000 - 0x00007ff9cb539000 	C:\Users\55379\.vscode\extensions\redhat.java-1.53.0-win32-x64\jre\21.0.10-win32-x86_64\bin\extnet.dll

JVMTI agents:
c:\Users\55379\.vscode\extensions\redhat.java-1.53.0-win32-x64\lombok\lombok-1.18.39-4050.jar path:c:\Users\55379\.vscode\extensions\redhat.java-1.53.0-win32-x64\jre\21.0.10-win32-x86_64\bin\instrument.dll, loaded, initialized, instrumentlib options:none

dbghelp: loaded successfully - version: 4.0.5 - missing functions: none
symbol engine: initialized successfully - sym options: 0x614 - pdb path: .;c:\Users\55379\.vscode\extensions\redhat.java-1.53.0-win32-x64\jre\21.0.10-win32-x86_64\bin;C:\WINDOWS\SYSTEM32;C:\WINDOWS\WinSxS\amd64_microsoft.windows.common-controls_6595b64144ccf1df_6.0.22621.6060_none_2712eda17382d24b;c:\Users\55379\.vscode\extensions\redhat.java-1.53.0-win32-x64\jre\21.0.10-win32-x86_64\bin\server;C:\Users\55379\AppData\Roaming\Code\User\globalStorage\redhat.java\1.53.0\config_win\org.eclipse.equinox.launcher\org.eclipse.equinox.launcher.win32.win32.x86_64_1.3.0.v20260203-2149;C:\Users\55379\AppData\Local\Temp\jna-50576309

VM Arguments:
jvm_args: --add-modules=ALL-SYSTEM --add-opens=java.base/java.util=ALL-UNNAMED --add-opens=java.base/java.lang=ALL-UNNAMED --add-opens=java.base/sun.nio.fs=ALL-UNNAMED -Declipse.application=org.eclipse.jdt.ls.core.id1 -Dosgi.bundles.defaultStartLevel=4 -Declipse.product=org.eclipse.jdt.ls.core.product -Djava.import.generatesMetadataFilesAtProjectRoot=false -DDetectVMInstallationsJob.disabled=true -Dfile.encoding=utf8 -XX:+UseParallelGC -XX:GCTimeRatio=4 -XX:AdaptiveSizePolicyWeight=90 -Dsun.zip.disableMemoryMapping=true -Xmx2G -Xms100m -Xlog:disable -javaagent:c:\Users\55379\.vscode\extensions\redhat.java-1.53.0-win32-x64\lombok\lombok-1.18.39-4050.jar -XX:+HeapDumpOnOutOfMemoryError -XX:HeapDumpPath=c:\Users\55379\AppData\Roaming\Code\User\workspaceStorage\f78da1d87b2c520e49cad87d0fe2c449\redhat.java -Daether.dependencyCollector.impl=bf 
java_command: c:\Users\55379\.vscode\extensions\redhat.java-1.53.0-win32-x64\server\plugins\org.eclipse.equinox.launcher_1.7.100.v20251111-0406.jar -configuration c:\Users\55379\AppData\Roaming\Code\User\globalStorage\redhat.java\1.53.0\config_win -data c:\Users\55379\AppData\Roaming\Code\User\workspaceStorage\f78da1d87b2c520e49cad87d0fe2c449\redhat.java\jdt_ws --pipe=\\.\pipe\lsp-f5538b63cd35c41ce5a96cd743316698-sock
java_class_path (initial): c:\Users\55379\.vscode\extensions\redhat.java-1.53.0-win32-x64\server\plugins\org.eclipse.equinox.launcher_1.7.100.v20251111-0406.jar
Launcher Type: SUN_STANDARD

[Global flags]
    uintx AdaptiveSizePolicyWeight                 = 90                                        {product} {command line}
     intx CICompilerCount                          = 4                                         {product} {ergonomic}
    uintx GCTimeRatio                              = 4                                         {product} {command line}
     bool HeapDumpOnOutOfMemoryError               = true                                   {manageable} {command line}
    ccstr HeapDumpPath                             = c:\Users\55379\AppData\Roaming\Code\User\workspaceStorage\f78da1d87b2c520e49cad87d0fe2c449\redhat.java         {manageable} {command line}
   size_t InitialHeapSize                          = 104857600                                 {product} {command line}
   size_t MaxHeapSize                              = 2147483648                                {product} {command line}
   size_t MaxNewSize                               = 715653120                                 {product} {ergonomic}
   size_t MinHeapDeltaBytes                        = 524288                                    {product} {ergonomic}
   size_t MinHeapSize                              = 104857600                                 {product} {command line}
   size_t NewSize                                  = 34603008                                  {product} {ergonomic}
    uintx NonNMethodCodeHeapSize                   = 5839372                                {pd product} {ergonomic}
    uintx NonProfiledCodeHeapSize                  = 122909434                              {pd product} {ergonomic}
   size_t OldSize                                  = 70254592                                  {product} {ergonomic}
    uintx ProfiledCodeHeapSize                     = 122909434                              {pd product} {ergonomic}
    uintx ReservedCodeCacheSize                    = 251658240                              {pd product} {ergonomic}
     bool SegmentedCodeCache                       = true                                      {product} {ergonomic}
   size_t SoftMaxHeapSize                          = 2147483648                             {manageable} {ergonomic}
     bool UseCompressedOops                        = true                           {product lp64_product} {ergonomic}
     bool UseLargePagesIndividualAllocation        = false                                  {pd product} {ergonomic}
     bool UseParallelGC                            = true                                      {product} {command line}

Logging:
Log output configuration:
 #0: stdout all=off uptime,level,tags foldmultilines=false
 #1: stderr all=off uptime,level,tags foldmultilines=false

Release file:
JAVA_VERSION="21.0.10" 
MODULES="java.base java.compiler java.datatransfer java.xml java.prefs java.desktop java.instrument java.logging java.management java.security.sasl java.naming java.rmi java.management.rmi java.net.http java.scripting java.security.jgss java.transaction.xa java.sql java.sql.rowset java.xml.crypto java.se java.smartcardio jdk.accessibility jdk.internal.jvmstat jdk.attach jdk.charsets jdk.internal.opt jdk.zipfs jdk.compiler jdk.crypto.ec jdk.crypto.cryptoki jdk.crypto.mscapi jdk.dynalink jdk.internal.ed jdk.editpad jdk.hotspot.agent jdk.httpserver jdk.internal.le jdk.internal.vm.ci jdk.internal.vm.compiler jdk.internal.vm.compiler.management jdk.jartool jdk.javadoc jdk.jcmd jdk.management jdk.management.agent jdk.jconsole jdk.jdeps jdk.jdwp.agent jdk.jdi jdk.jfr jdk.jshell jdk.jsobject jdk.jstatd jdk.localedata jdk.management.jfr jdk.naming.dns jdk.naming.rmi jdk.net jdk.nio.mapmode jdk.random jdk.sctp jdk.security.auth jdk.security.jgss jdk.unsupported jdk.unsupported.desktop jdk.xml.dom" 

Environment Variables:
PATH=C:\Users\55379\AppData\Local\Programs\Microsoft VS Code;C:\Program Files\Common Files\Oracle\Java\javapath;C:\Windows\system32;C:\Windows;C:\Windows\System32\Wbem;C:\Windows\System32\WindowsPowerShell\v1.0\;C:\Windows\System32\OpenSSH\;C:\Program Files (x86)\NVIDIA Corporation\PhysX\Common;C:\Program Files\NVIDIA Corporation\NVIDIA NvDLISR;C:\WINDOWS\system32;C:\WINDOWS;C:\WINDOWS\System32\Wbem;C:\WINDOWS\System32\WindowsPowerShell\v1.0\;C:\WINDOWS\System32\OpenSSH\;C:\Program Files\dotnet\;C:\Program Files\Git\cmd;C:\Users\55379\AppData\Local\Microsoft\WindowsApps;C:\Users\55379\AppData\Local\Programs\Microsoft VS Code\bin
USERNAME=55379
OS=Windows_NT
PROCESSOR_IDENTIFIER=Intel64 Family 6 Model 165 Stepping 2, GenuineIntel
TMP=C:\Users\55379\AppData\Local\Temp
TEMP=C:\Users\55379\AppData\Local\Temp




Periodic native trim disabled

---------------  S Y S T E M  ---------------

OS:
 Windows 11 , 64 bit Build 22621 (10.0.22621.5415)
OS uptime: 0 days 14:14 hours

CPU: total 8 (initial active 8) (4 cores per cpu, 2 threads per core) family 6 model 165 stepping 2 microcode 0xfc, cx8, cmov, fxsr, ht, mmx, 3dnowpref, sse, sse2, sse3, ssse3, sse4.1, sse4.2, popcnt, lzcnt, tsc, tscinvbit, avx, avx2, aes, erms, clmul, bmi1, bmi2, adx, fma, vzeroupper, clflush, clflushopt, rdtscp, f16c, pku
Processor Information for the first 8 processors :
  Max Mhz: 2496, Current Mhz: 2496, Mhz Limit: 2496

Memory: 4k page, system-wide physical 7985M (649M free)
TotalPageFile size 15234M (AvailPageFile size 85M)
current process WorkingSet (physical memory assigned to process): 309M, peak: 310M
current process commit charge ("private bytes"): 386M, peak: 393M

vm_info: OpenJDK 64-Bit Server VM (21.0.10+7-LTS) for windows-amd64 JRE (21.0.10+7-LTS), built on 2026-01-20T00:00:00Z by "admin" with MS VC++ 17.12 (VS2022)

END.
