#
# There is insufficient memory for the Java Runtime Environment to continue.
# Native memory allocation (malloc) failed to allocate 32744 bytes. Error detail: Chunk::new
# Possible reasons:
#   The system is out of physical RAM or swap space
#   This process is running with CompressedOops enabled, and the Java Heap may be blocking the growth of the native heap
# Possible solutions:
#   Reduce memory load on the system
#   Increase physical memory or swap space
#   Check if swap backing store is full
#   Decrease Java heap size (-Xmx/-Xms)
#   Decrease number of Java threads
#   Decrease Java thread stack sizes (-Xss)
#   Set larger code cache with -XX:ReservedCodeCacheSize=
#   JVM is running with Unscaled Compressed Oops mode in which the Java heap is
#     placed in the first 4GB address space. The Java Heap base address is the
#     maximum limit for the native heap growth. Please use -XX:HeapBaseMinAddress
#     to set the Java Heap base and to place the Java Heap above 4GB virtual address.
# This output file may be truncated or incomplete.
#
#  Out of Memory Error (arena.cpp:168), pid=22128, tid=21644
#
# JRE version: OpenJDK Runtime Environment Temurin-21.0.10+7 (21.0.10+7) (build 21.0.10+7-LTS)
# Java VM: OpenJDK 64-Bit Server VM Temurin-21.0.10+7 (21.0.10+7-LTS, mixed mode, sharing, tiered, compressed oops, compressed class ptrs, parallel gc, windows-amd64)
# No core dump will be written. Minidumps are not enabled by default on client versions of Windows
#

---------------  S U M M A R Y ------------

Command Line: --add-modules=ALL-SYSTEM --add-opens=java.base/java.util=ALL-UNNAMED --add-opens=java.base/java.lang=ALL-UNNAMED --add-opens=java.base/sun.nio.fs=ALL-UNNAMED -Declipse.application=org.eclipse.jdt.ls.core.id1 -Dosgi.bundles.defaultStartLevel=4 -Declipse.product=org.eclipse.jdt.ls.core.product -Djava.import.generatesMetadataFilesAtProjectRoot=false -DDetectVMInstallationsJob.disabled=true -Dfile.encoding=utf8 -XX:+UseParallelGC -XX:GCTimeRatio=4 -XX:AdaptiveSizePolicyWeight=90 -Dsun.zip.disableMemoryMapping=true -Xmx2G -Xms100m -Xlog:disable -javaagent:c:\Users\55379\.vscode\extensions\redhat.java-1.53.0-win32-x64\lombok\lombok-1.18.39-4050.jar -XX:+HeapDumpOnOutOfMemoryError -XX:HeapDumpPath=c:\Users\55379\AppData\Roaming\Code\User\workspaceStorage\f78da1d87b2c520e49cad87d0fe2c449\redhat.java -Daether.dependencyCollector.impl=bf c:\Users\55379\.vscode\extensions\redhat.java-1.53.0-win32-x64\server\plugins\org.eclipse.equinox.launcher_1.7.100.v20251111-0406.jar -configuration c:\Users\55379\AppData\Roaming\Code\User\globalStorage\redhat.java\1.53.0\config_win -data c:\Users\55379\AppData\Roaming\Code\User\workspaceStorage\f78da1d87b2c520e49cad87d0fe2c449\redhat.java\jdt_ws --pipe=\\.\pipe\lsp-6b83b5080cc51c62f9398b0e832d4521-sock

Host: Intel(R) Core(TM) i5-10300H CPU @ 2.50GHz, 8 cores, 7G,  Windows 11 , 64 bit Build 22621 (10.0.22621.5415)
Time: Sun Mar 29 22:57:14 2026 Hora oficial do Brasil elapsed time: 18.288221 seconds (0d 0h 0m 18s)

---------------  T H R E A D  ---------------

Current thread (0x0000018bc8e94370):  JavaThread "C2 CompilerThread1" daemon [_thread_in_native, id=21644, stack(0x0000002229d00000,0x0000002229e00000) (1024K)]


Current CompileTask:
C2:18288 8535       4       java.io.WinNTFileSystem::normalize (143 bytes)

Stack: [0x0000002229d00000,0x0000002229e00000]
Native frames: (J=compiled Java code, j=interpreted, Vv=VM code, C=native code)
V  [jvm.dll+0x6d7a39]
V  [jvm.dll+0x8b4b26]
V  [jvm.dll+0x8b70de]
V  [jvm.dll+0x8b77c3]
V  [jvm.dll+0x284346]
V  [jvm.dll+0xc66ed]
V  [jvm.dll+0xc6c31]
V  [jvm.dll+0xc6815]
V  [jvm.dll+0x6b3d38]
V  [jvm.dll+0x8e118]
V  [jvm.dll+0x66d6ed]
V  [jvm.dll+0x39c509]
V  [jvm.dll+0x399f7e]
V  [jvm.dll+0x6ee597]
V  [jvm.dll+0x6f1ed1]
V  [jvm.dll+0x6e9fa9]
V  [jvm.dll+0x6e96a9]
V  [jvm.dll+0x6e774e]
V  [jvm.dll+0x1ce39c]
V  [jvm.dll+0x2fa4cc]
V  [jvm.dll+0x6f1ef8]
V  [jvm.dll+0x6e9fa9]
V  [jvm.dll+0x6e96a9]
V  [jvm.dll+0x6e774e]
V  [jvm.dll+0x1ce39c]
V  [jvm.dll+0x1cef3e]
V  [jvm.dll+0x1ccb0e]
V  [jvm.dll+0x254f9e]
V  [jvm.dll+0x24b808]
V  [jvm.dll+0x1cb34e]
V  [jvm.dll+0x25b85d]
V  [jvm.dll+0x259dea]
V  [jvm.dll+0x3f857e]
V  [jvm.dll+0x85f59d]
V  [jvm.dll+0x6d626d]
C  [ucrtbase.dll+0x29333]
C  [KERNEL32.DLL+0x1259d]
C  [ntdll.dll+0x5af78]


---------------  P R O C E S S  ---------------

Threads class SMR info:
_java_thread_list=0x0000018bc9274b80, length=44, elements={
0x0000018be8c2c7f0, 0x0000018bff69f850, 0x0000018bff6a0eb0, 0x0000018bff6a3c30,
0x0000018bff6a5b60, 0x0000018bff6a78d0, 0x0000018bff6a9540, 0x0000018bff6ac490,
0x0000018bff6cb860, 0x0000018bc21fae60, 0x0000018bc22acbe0, 0x0000018bc7195950,
0x0000018bc72362b0, 0x0000018bc2b1ceb0, 0x0000018bc27f45f0, 0x0000018bc77ecec0,
0x0000018bc77d6790, 0x0000018bc7592280, 0x0000018bc74ca070, 0x0000018bc74cad90,
0x0000018bc74cc140, 0x0000018bc74cd4f0, 0x0000018bc74ca700, 0x0000018bc74cb420,
0x0000018bc74cbab0, 0x0000018bc74cc7d0, 0x0000018bc9291b50, 0x0000018bc9297730,
0x0000018bc9293c20, 0x0000018bc9294fd0, 0x0000018bc9295cf0, 0x0000018bc92942b0,
0x0000018bc9299170, 0x0000018bc9296380, 0x0000018bc9295660, 0x0000018bc9297dc0,
0x0000018bc92921e0, 0x0000018bc9298450, 0x0000018bc9294940, 0x0000018bc8bc5d90,
0x0000018bc8bc4350, 0x0000018bc8bc2910, 0x0000018bc8bc2fa0, 0x0000018bc8e94370
}

Java Threads: ( => current thread )
  0x0000018be8c2c7f0 JavaThread "main"                              [_thread_blocked, id=20144, stack(0x0000002228400000,0x0000002228500000) (1024K)]
  0x0000018bff69f850 JavaThread "Reference Handler"          daemon [_thread_blocked, id=3500, stack(0x0000002228800000,0x0000002228900000) (1024K)]
  0x0000018bff6a0eb0 JavaThread "Finalizer"                  daemon [_thread_blocked, id=14324, stack(0x0000002228900000,0x0000002228a00000) (1024K)]
  0x0000018bff6a3c30 JavaThread "Signal Dispatcher"          daemon [_thread_blocked, id=19844, stack(0x0000002228a00000,0x0000002228b00000) (1024K)]
  0x0000018bff6a5b60 JavaThread "Attach Listener"            daemon [_thread_blocked, id=12992, stack(0x0000002228b00000,0x0000002228c00000) (1024K)]
  0x0000018bff6a78d0 JavaThread "Service Thread"             daemon [_thread_blocked, id=21176, stack(0x0000002228c00000,0x0000002228d00000) (1024K)]
  0x0000018bff6a9540 JavaThread "Monitor Deflation Thread"   daemon [_thread_blocked, id=21576, stack(0x0000002228d00000,0x0000002228e00000) (1024K)]
  0x0000018bff6ac490 JavaThread "C2 CompilerThread0"         daemon [_thread_in_vm, id=16484, stack(0x0000002228e00000,0x0000002228f00000) (1024K)]
  0x0000018bff6cb860 JavaThread "C1 CompilerThread0"         daemon [_thread_blocked, id=25172, stack(0x0000002228f00000,0x0000002229000000) (1024K)]
  0x0000018bc21fae60 JavaThread "Common-Cleaner"             daemon [_thread_blocked, id=10892, stack(0x0000002229000000,0x0000002229100000) (1024K)]
  0x0000018bc22acbe0 JavaThread "Notification Thread"        daemon [_thread_blocked, id=13408, stack(0x0000002229200000,0x0000002229300000) (1024K)]
  0x0000018bc7195950 JavaThread "Active Thread: Equinox Container: d59308b6-b208-440e-8c3b-00da8070efbc"        [_thread_blocked, id=5344, stack(0x0000002229a00000,0x0000002229b00000) (1024K)]
  0x0000018bc72362b0 JavaThread "Refresh Thread: Equinox Container: d59308b6-b208-440e-8c3b-00da8070efbc" daemon [_thread_blocked, id=21104, stack(0x0000002229300000,0x0000002229400000) (1024K)]
  0x0000018bc2b1ceb0 JavaThread "Framework Event Dispatcher: Equinox Container: d59308b6-b208-440e-8c3b-00da8070efbc" daemon [_thread_blocked, id=8996, stack(0x0000002229b00000,0x0000002229c00000) (1024K)]
  0x0000018bc27f45f0 JavaThread "Start Level: Equinox Container: d59308b6-b208-440e-8c3b-00da8070efbc" daemon [_thread_blocked, id=24284, stack(0x0000002229c00000,0x0000002229d00000) (1024K)]
  0x0000018bc77ecec0 JavaThread "Bundle File Closer"         daemon [_thread_blocked, id=23824, stack(0x0000002229f00000,0x000000222a000000) (1024K)]
  0x0000018bc77d6790 JavaThread "SCR Component Actor"        daemon [_thread_blocked, id=6244, stack(0x0000002229e00000,0x0000002229f00000) (1024K)]
  0x0000018bc7592280 JavaThread "Worker-JM"                         [_thread_blocked, id=17272, stack(0x000000222a100000,0x000000222a200000) (1024K)]
  0x0000018bc74ca070 JavaThread "JNA Cleaner"                daemon [_thread_blocked, id=23328, stack(0x000000222a200000,0x000000222a300000) (1024K)]
  0x0000018bc74cad90 JavaThread "Worker-0"                          [_thread_blocked, id=7052, stack(0x000000222a300000,0x000000222a400000) (1024K)]
  0x0000018bc74cc140 JavaThread "Worker-1"                          [_thread_blocked, id=24208, stack(0x000000222a400000,0x000000222a500000) (1024K)]
  0x0000018bc74cd4f0 JavaThread "Java indexing"              daemon [_thread_blocked, id=24552, stack(0x000000222a000000,0x000000222a100000) (1024K)]
  0x0000018bc74ca700 JavaThread "Worker-2"                          [_thread_blocked, id=11168, stack(0x000000222a500000,0x000000222a600000) (1024K)]
  0x0000018bc74cb420 JavaThread "Worker-3"                          [_thread_blocked, id=17664, stack(0x000000222a600000,0x000000222a700000) (1024K)]
  0x0000018bc74cbab0 JavaThread "Thread-1"                   daemon [_thread_in_native, id=23044, stack(0x000000222a700000,0x000000222a800000) (1024K)]
  0x0000018bc74cc7d0 JavaThread "Thread-2"                   daemon [_thread_in_native, id=17592, stack(0x000000222a800000,0x000000222a900000) (1024K)]
  0x0000018bc9291b50 JavaThread "Thread-3"                   daemon [_thread_in_native, id=23480, stack(0x000000222a900000,0x000000222aa00000) (1024K)]
  0x0000018bc9297730 JavaThread "Thread-4"                   daemon [_thread_in_native, id=15312, stack(0x000000222aa00000,0x000000222ab00000) (1024K)]
  0x0000018bc9293c20 JavaThread "Thread-5"                   daemon [_thread_in_native, id=18196, stack(0x000000222ab00000,0x000000222ac00000) (1024K)]
  0x0000018bc9294fd0 JavaThread "Thread-6"                   daemon [_thread_in_native, id=22788, stack(0x000000222ac00000,0x000000222ad00000) (1024K)]
  0x0000018bc9295cf0 JavaThread "Thread-7"                   daemon [_thread_in_native, id=11516, stack(0x000000222ad00000,0x000000222ae00000) (1024K)]
  0x0000018bc92942b0 JavaThread "Thread-8"                   daemon [_thread_in_native, id=13516, stack(0x000000222ae00000,0x000000222af00000) (1024K)]
  0x0000018bc9299170 JavaThread "Thread-9"                   daemon [_thread_in_native, id=13432, stack(0x000000222af00000,0x000000222b000000) (1024K)]
  0x0000018bc9296380 JavaThread "pool-2-thread-1"                   [_thread_blocked, id=25220, stack(0x000000222b000000,0x000000222b100000) (1024K)]
  0x0000018bc9295660 JavaThread "WorkspaceEventsHandler"            [_thread_blocked, id=15916, stack(0x000000222b100000,0x000000222b200000) (1024K)]
  0x0000018bc9297dc0 JavaThread "pool-1-thread-1"                   [_thread_blocked, id=15160, stack(0x000000222b200000,0x000000222b300000) (1024K)]
  0x0000018bc92921e0 JavaThread "Worker-4"                          [_thread_blocked, id=22516, stack(0x000000222b300000,0x000000222b400000) (1024K)]
  0x0000018bc9298450 JavaThread "ForkJoinPool.commonPool-worker-1" daemon [_thread_blocked, id=14496, stack(0x000000222b400000,0x000000222b500000) (1024K)]
  0x0000018bc9294940 JavaThread "ForkJoinPool.commonPool-worker-2" daemon [_thread_blocked, id=17636, stack(0x000000222b500000,0x000000222b600000) (1024K)]
  0x0000018bc8bc5d90 JavaThread "ForkJoinPool.commonPool-worker-3" daemon [_thread_blocked, id=25540, stack(0x000000222b600000,0x000000222b700000) (1024K)]
  0x0000018bc8bc4350 JavaThread "ForkJoinPool.commonPool-worker-4" daemon [_thread_blocked, id=6160, stack(0x000000222b700000,0x000000222b800000) (1024K)]
  0x0000018bc8bc2910 JavaThread "ForkJoinPool.commonPool-worker-5" daemon [_thread_blocked, id=14540, stack(0x000000222b800000,0x000000222b900000) (1024K)]
  0x0000018bc8bc2fa0 JavaThread "ForkJoinPool.commonPool-worker-6" daemon [_thread_in_vm, id=11552, stack(0x000000222b900000,0x000000222ba00000) (1024K)]
=>0x0000018bc8e94370 JavaThread "C2 CompilerThread1"         daemon [_thread_in_native, id=21644, stack(0x0000002229d00000,0x0000002229e00000) (1024K)]
Total: 44

Other Threads:
  0x0000018be8cee1d0 VMThread "VM Thread"                           [id=21200, stack(0x0000002228700000,0x0000002228800000) (1024K)]
  0x0000018bff5bcc40 WatcherThread "VM Periodic Task Thread"        [id=23956, stack(0x0000002228600000,0x0000002228700000) (1024K)]
  0x0000018be8c4c240 WorkerThread "GC Thread#0"                     [id=16124, stack(0x0000002228500000,0x0000002228600000) (1024K)]
  0x0000018bc28cfbe0 WorkerThread "GC Thread#1"                     [id=9600, stack(0x0000002229400000,0x0000002229500000) (1024K)]
  0x0000018bc705f9a0 WorkerThread "GC Thread#2"                     [id=21700, stack(0x0000002229500000,0x0000002229600000) (1024K)]
  0x0000018bc705fd50 WorkerThread "GC Thread#3"                     [id=6028, stack(0x0000002229600000,0x0000002229700000) (1024K)]
  0x0000018bc71af010 WorkerThread "GC Thread#4"                     [id=15748, stack(0x0000002229700000,0x0000002229800000) (1024K)]
  0x0000018bc71af3c0 WorkerThread "GC Thread#5"                     [id=22904, stack(0x0000002229800000,0x0000002229900000) (1024K)]
  0x0000018bc7059090 WorkerThread "GC Thread#6"                     [id=10220, stack(0x0000002229900000,0x0000002229a00000) (1024K)]
  0x0000018bc22b5480 WorkerThread "GC Thread#7"                     [id=25132, stack(0x0000002229100000,0x0000002229200000) (1024K)]
Total: 10

Threads with active compile tasks:
C2 CompilerThread0  18335 8577   !   4       org.eclipse.osgi.internal.loader.classpath.ClasspathManager::defineClass (636 bytes)
C2 CompilerThread1  18335 8535       4       java.io.WinNTFileSystem::normalize (143 bytes)
Total: 2

VM state: not at safepoint (normal execution)

VM Mutex/Monitor currently owned by a thread: None

Heap address: 0x0000000080000000, size: 2048 MB, Compressed Oops mode: 32-bit

CDS archive(s) mapped at: [0x0000018b80000000-0x0000018b80ba0000-0x0000018b80ba0000), size 12189696, SharedBaseAddress: 0x0000018b80000000, ArchiveRelocationMode: 1.
Compressed class space mapped at: 0x0000018b81000000-0x0000018bc1000000, reserved size: 1073741824
Narrow klass base: 0x0000018b80000000, Narrow klass shift: 0, Narrow klass range: 0x100000000

GC Precious Log:
 CardTable entry size: 512
 CPUs: 8 total, 8 available
 Memory: 7985M
 Large Page Support: Disabled
 NUMA Support: Disabled
 Compressed Oops: Enabled (32-bit)
 Alignments: Space 512K, Generation 512K, Heap 2M
 Heap Min Capacity: 100M
 Heap Initial Capacity: 100M
 Heap Max Capacity: 2G
 Pre-touch: Disabled
 Parallel Workers: 8

Heap:
 PSYoungGen      total 1536K, used 810K [0x00000000d5580000, 0x00000000d5800000, 0x0000000100000000)
  eden space 1024K, 54% used [0x00000000d5580000,0x00000000d560a8c0,0x00000000d5680000)
  from space 512K, 50% used [0x00000000d5700000,0x00000000d5740020,0x00000000d5780000)
  to   space 512K, 0% used [0x00000000d5780000,0x00000000d5780000,0x00000000d5800000)
 ParOldGen       total 553472K, used 553451K [0x0000000080000000, 0x00000000a1c80000, 0x00000000d5580000)
  object space 553472K, 99% used [0x0000000080000000,0x00000000a1c7adf0,0x00000000a1c80000)
 Metaspace       used 59008K, committed 60352K, reserved 1114112K
  class space    used 6344K, committed 6912K, reserved 1048576K

Card table byte_map: [0x0000018be85e0000,0x0000018be89f0000] _byte_map_base: 0x0000018be81e0000

Marking Bits: (ParMarkBitMap*) 0x00007ff92b523450
 Begin Bits: [0x0000018bfb0e0000, 0x0000018bfd0e0000)
 End Bits:   [0x0000018bfd0e0000, 0x0000018bff0e0000)

Polling page: 0x0000018be6c20000

Metaspace:

Usage:
  Non-class:     51.43 MB used.
      Class:      6.20 MB used.
       Both:     57.63 MB used.

Virtual space:
  Non-class space:       64.00 MB reserved,      52.19 MB ( 82%) committed,  1 nodes.
      Class space:        1.00 GB reserved,       6.75 MB ( <1%) committed,  1 nodes.
             Both:        1.06 GB reserved,      58.94 MB (  5%) committed. 

Chunk freelists:
   Non-Class:  11.50 MB
       Class:  9.19 MB
        Both:  20.69 MB

MaxMetaspaceSize: unlimited
CompressedClassSpaceSize: 1.00 GB
Initial GC threshold: 21.00 MB
Current GC threshold: 97.31 MB
CDS: on
 - commit_granule_bytes: 65536.
 - commit_granule_words: 8192.
 - virtual_space_node_default_size: 8388608.
 - enlarge_chunks_in_place: 1.
 - use_allocation_guard: 0.


Internal statistics:

num_allocs_failed_limit: 11.
num_arena_births: 996.
num_arena_deaths: 14.
num_vsnodes_births: 2.
num_vsnodes_deaths: 0.
num_space_committed: 943.
num_space_uncommitted: 0.
num_chunks_returned_to_freelist: 25.
num_chunks_taken_from_freelist: 3720.
num_chunk_merges: 17.
num_chunk_splits: 2315.
num_chunks_enlarged: 1356.
num_inconsistent_stats: 0.

CodeHeap 'non-profiled nmethods': size=120000Kb used=5595Kb max_used=5595Kb free=114405Kb
 bounds [0x0000018bf3900000, 0x0000018bf3e80000, 0x0000018bfae30000]
CodeHeap 'profiled nmethods': size=120000Kb used=17055Kb max_used=17216Kb free=102944Kb
 bounds [0x0000018bebe30000, 0x0000018becf10000, 0x0000018bf3360000]
CodeHeap 'non-nmethods': size=5760Kb used=1431Kb max_used=1536Kb free=4328Kb
 bounds [0x0000018bf3360000, 0x0000018bf35d0000, 0x0000018bf3900000]
CodeCache: size=245760Kb, used=24081Kb, max_used=24347Kb, free=221677Kb
 total_blobs=8612, nmethods=7863, adapters=655, full_count=0
Compilation: enabled, stopped_count=0, restarted_count=0

Compilation events (20 events):
Event: 18.279 Thread 0x0000018bc8e94370 8535       4       java.io.WinNTFileSystem::normalize (143 bytes)
Event: 18.279 Thread 0x0000018bff6cb860 8538       3       java.util.concurrent.locks.AbstractQueuedSynchronizer$Node::setPrevRelaxed (12 bytes)
Event: 18.279 Thread 0x0000018bff6cb860 nmethod 8538 0x0000018bec68e890 code [0x0000018bec68ea20, 0x0000018bec68eb50]
Event: 18.279 Thread 0x0000018bff6cb860 8539       3       java.util.concurrent.locks.AbstractQueuedSynchronizer::casTail (13 bytes)
Event: 18.279 Thread 0x0000018bff6cb860 nmethod 8539 0x0000018bec6a6390 code [0x0000018bec6a6520, 0x0000018bec6a6660]
Event: 18.280 Thread 0x0000018bff6cb860 8540 %     3       com.google.gson.stream.JsonWriter::string @ 37 (171 bytes)
Event: 18.281 Thread 0x0000018bff6cb860 nmethod 8540% 0x0000018bec6a7c10 code [0x0000018bec6a7ec0, 0x0000018bec6a8e88]
Event: 18.281 Thread 0x0000018bff6cb860 8541       3       org.eclipse.core.runtime.Path::removeFirstSegments (91 bytes)
Event: 18.282 Thread 0x0000018bff6cb860 nmethod 8541 0x0000018bec13e790 code [0x0000018bec13e9c0, 0x0000018bec13f0f0]
Event: 18.282 Thread 0x0000018bff6cb860 8543       1       org.eclipse.core.internal.resources.Workspace::getAliasManager (5 bytes)
Event: 18.282 Thread 0x0000018bff6cb860 nmethod 8543 0x0000018bf3e62210 code [0x0000018bf3e623a0, 0x0000018bf3e62468]
Event: 18.282 Thread 0x0000018bff6cb860 8542       3       org.eclipse.core.runtime.IPath::fromOSString (9 bytes)
Event: 18.282 Thread 0x0000018bff6cb860 nmethod 8542 0x0000018bec13e090 code [0x0000018bec13e240, 0x0000018bec13e430]
Event: 18.282 Thread 0x0000018bff6cb860 8545       1       org.eclipse.jdt.internal.core.CompilationUnit::getElementName (5 bytes)
Event: 18.282 Thread 0x0000018bff6cb860 nmethod 8545 0x0000018bf3e62510 code [0x0000018bf3e626a0, 0x0000018bf3e62768]
Event: 18.282 Thread 0x0000018bff6cb860 8548       3       com.google.gson.stream.JsonWriter::beginObject (12 bytes)
Event: 18.283 Thread 0x0000018bff6cb860 nmethod 8548 0x0000018bec07de90 code [0x0000018bec07e0a0, 0x0000018bec07e4a0]
Event: 18.283 Thread 0x0000018bff6cb860 8549       3       com.google.gson.stream.JsonWriter::endObject (9 bytes)
Event: 18.283 Thread 0x0000018bff6cb860 nmethod 8549 0x0000018bec6ab390 code [0x0000018bec6ab540, 0x0000018bec6ab690]
Event: 18.285 Thread 0x0000018bff6cb860 8550       3       org.eclipse.jdt.internal.core.AbstractClassFile::getElementName (10 bytes)

GC Heap History (20 events):
Event: 18.022 GC heap before
{Heap before GC invocations=1085 (full 3):
 PSYoungGen      total 2560K, used 2099K [0x00000000d5580000, 0x00000000d5980000, 0x0000000100000000)
  eden space 1024K, 100% used [0x00000000d5580000,0x00000000d5680000,0x00000000d5680000)
  from space 1536K, 70% used [0x00000000d5680000,0x00000000d578cfd0,0x00000000d5800000)
  to   space 1536K, 0% used [0x00000000d5800000,0x00000000d5800000,0x00000000d5980000)
 ParOldGen       total 545280K, used 544583K [0x0000000080000000, 0x00000000a1480000, 0x00000000d5580000)
  object space 545280K, 99% used [0x0000000080000000,0x00000000a13d1e58,0x00000000a1480000)
 Metaspace       used 58652K, committed 60096K, reserved 1114112K
  class space    used 6302K, committed 6912K, reserved 1048576K
}
Event: 18.025 GC heap after
{Heap after GC invocations=1085 (full 3):
 PSYoungGen      total 2560K, used 1171K [0x00000000d5580000, 0x00000000d5980000, 0x0000000100000000)
  eden space 1024K, 0% used [0x00000000d5580000,0x00000000d5580000,0x00000000d5680000)
  from space 1536K, 76% used [0x00000000d5800000,0x00000000d5924fd0,0x00000000d5980000)
  to   space 1536K, 0% used [0x00000000d5680000,0x00000000d5680000,0x00000000d5800000)
 ParOldGen       total 545792K, used 545626K [0x0000000080000000, 0x00000000a1500000, 0x00000000d5580000)
  object space 545792K, 99% used [0x0000000080000000,0x00000000a14d68b0,0x00000000a1500000)
 Metaspace       used 58652K, committed 60096K, reserved 1114112K
  class space    used 6302K, committed 6912K, reserved 1048576K
}
Event: 18.042 GC heap before
{Heap before GC invocations=1086 (full 3):
 PSYoungGen      total 2560K, used 2195K [0x00000000d5580000, 0x00000000d5980000, 0x0000000100000000)
  eden space 1024K, 100% used [0x00000000d5580000,0x00000000d5680000,0x00000000d5680000)
  from space 1536K, 76% used [0x00000000d5800000,0x00000000d5924fd0,0x00000000d5980000)
  to   space 1536K, 0% used [0x00000000d5680000,0x00000000d5680000,0x00000000d5800000)
 ParOldGen       total 545792K, used 545626K [0x0000000080000000, 0x00000000a1500000, 0x00000000d5580000)
  object space 545792K, 99% used [0x0000000080000000,0x00000000a14d68b0,0x00000000a1500000)
 Metaspace       used 58652K, committed 60096K, reserved 1114112K
  class space    used 6302K, committed 6912K, reserved 1048576K
}
Event: 18.045 GC heap after
{Heap after GC invocations=1086 (full 3):
 PSYoungGen      total 2560K, used 1131K [0x00000000d5580000, 0x00000000d5980000, 0x0000000100000000)
  eden space 1024K, 0% used [0x00000000d5580000,0x00000000d5580000,0x00000000d5680000)
  from space 1536K, 73% used [0x00000000d5680000,0x00000000d579ae88,0x00000000d5800000)
  to   space 1536K, 0% used [0x00000000d5800000,0x00000000d5800000,0x00000000d5980000)
 ParOldGen       total 546816K, used 546674K [0x0000000080000000, 0x00000000a1600000, 0x00000000d5580000)
  object space 546816K, 99% used [0x0000000080000000,0x00000000a15dc830,0x00000000a1600000)
 Metaspace       used 58652K, committed 60096K, reserved 1114112K
  class space    used 6302K, committed 6912K, reserved 1048576K
}
Event: 18.065 GC heap before
{Heap before GC invocations=1087 (full 3):
 PSYoungGen      total 2560K, used 2155K [0x00000000d5580000, 0x00000000d5980000, 0x0000000100000000)
  eden space 1024K, 100% used [0x00000000d5580000,0x00000000d5680000,0x00000000d5680000)
  from space 1536K, 73% used [0x00000000d5680000,0x00000000d579ae88,0x00000000d5800000)
  to   space 1536K, 0% used [0x00000000d5800000,0x00000000d5800000,0x00000000d5980000)
 ParOldGen       total 546816K, used 546674K [0x0000000080000000, 0x00000000a1600000, 0x00000000d5580000)
  object space 546816K, 99% used [0x0000000080000000,0x00000000a15dc830,0x00000000a1600000)
 Metaspace       used 58652K, committed 60096K, reserved 1114112K
  class space    used 6302K, committed 6912K, reserved 1048576K
}
Event: 18.068 GC heap after
{Heap after GC invocations=1087 (full 3):
 PSYoungGen      total 2560K, used 1123K [0x00000000d5580000, 0x00000000d5980000, 0x0000000100000000)
  eden space 1024K, 0% used [0x00000000d5580000,0x00000000d5580000,0x00000000d5680000)
  from space 1536K, 73% used [0x00000000d5800000,0x00000000d5918cf0,0x00000000d5980000)
  to   space 1536K, 0% used [0x00000000d5680000,0x00000000d5680000,0x00000000d5800000)
 ParOldGen       total 547840K, used 547724K [0x0000000080000000, 0x00000000a1700000, 0x00000000d5580000)
  object space 547840K, 99% used [0x0000000080000000,0x00000000a16e3150,0x00000000a1700000)
 Metaspace       used 58652K, committed 60096K, reserved 1114112K
  class space    used 6302K, committed 6912K, reserved 1048576K
}
Event: 18.087 GC heap before
{Heap before GC invocations=1088 (full 3):
 PSYoungGen      total 2560K, used 2147K [0x00000000d5580000, 0x00000000d5980000, 0x0000000100000000)
  eden space 1024K, 100% used [0x00000000d5580000,0x00000000d5680000,0x00000000d5680000)
  from space 1536K, 73% used [0x00000000d5800000,0x00000000d5918cf0,0x00000000d5980000)
  to   space 1536K, 0% used [0x00000000d5680000,0x00000000d5680000,0x00000000d5800000)
 ParOldGen       total 547840K, used 547724K [0x0000000080000000, 0x00000000a1700000, 0x00000000d5580000)
  object space 547840K, 99% used [0x0000000080000000,0x00000000a16e3150,0x00000000a1700000)
 Metaspace       used 58652K, committed 60096K, reserved 1114112K
  class space    used 6302K, committed 6912K, reserved 1048576K
}
Event: 18.089 GC heap after
{Heap after GC invocations=1088 (full 3):
 PSYoungGen      total 2560K, used 1152K [0x00000000d5580000, 0x00000000d5980000, 0x0000000100000000)
  eden space 1024K, 0% used [0x00000000d5580000,0x00000000d5580000,0x00000000d5680000)
  from space 1536K, 75% used [0x00000000d5680000,0x00000000d57a0000,0x00000000d5800000)
  to   space 1536K, 0% used [0x00000000d5800000,0x00000000d5800000,0x00000000d5980000)
 ParOldGen       total 548864K, used 548750K [0x0000000080000000, 0x00000000a1800000, 0x00000000d5580000)
  object space 548864K, 99% used [0x0000000080000000,0x00000000a17e38d8,0x00000000a1800000)
 Metaspace       used 58652K, committed 60096K, reserved 1114112K
  class space    used 6302K, committed 6912K, reserved 1048576K
}
Event: 18.116 GC heap before
{Heap before GC invocations=1089 (full 3):
 PSYoungGen      total 2560K, used 2176K [0x00000000d5580000, 0x00000000d5980000, 0x0000000100000000)
  eden space 1024K, 100% used [0x00000000d5580000,0x00000000d5680000,0x00000000d5680000)
  from space 1536K, 75% used [0x00000000d5680000,0x00000000d57a0000,0x00000000d5800000)
  to   space 1536K, 0% used [0x00000000d5800000,0x00000000d5800000,0x00000000d5980000)
 ParOldGen       total 548864K, used 548750K [0x0000000080000000, 0x00000000a1800000, 0x00000000d5580000)
  object space 548864K, 99% used [0x0000000080000000,0x00000000a17e38d8,0x00000000a1800000)
 Metaspace       used 58652K, committed 60096K, reserved 1114112K
  class space    used 6302K, committed 6912K, reserved 1048576K
}
Event: 18.118 GC heap after
{Heap after GC invocations=1089 (full 3):
 PSYoungGen      total 2560K, used 992K [0x00000000d5580000, 0x00000000d5980000, 0x0000000100000000)
  eden space 1024K, 0% used [0x00000000d5580000,0x00000000d5580000,0x00000000d5680000)
  from space 1536K, 64% used [0x00000000d5800000,0x00000000d58f8000,0x00000000d5980000)
  to   space 1536K, 0% used [0x00000000d5680000,0x00000000d5680000,0x00000000d5800000)
 ParOldGen       total 549888K, used 549756K [0x0000000080000000, 0x00000000a1900000, 0x00000000d5580000)
  object space 549888K, 99% used [0x0000000080000000,0x00000000a18df338,0x00000000a1900000)
 Metaspace       used 58652K, committed 60096K, reserved 1114112K
  class space    used 6302K, committed 6912K, reserved 1048576K
}
Event: 18.126 GC heap before
{Heap before GC invocations=1090 (full 3):
 PSYoungGen      total 2560K, used 2011K [0x00000000d5580000, 0x00000000d5980000, 0x0000000100000000)
  eden space 1024K, 99% used [0x00000000d5580000,0x00000000d567ed08,0x00000000d5680000)
  from space 1536K, 64% used [0x00000000d5800000,0x00000000d58f8000,0x00000000d5980000)
  to   space 1536K, 0% used [0x00000000d5680000,0x00000000d5680000,0x00000000d5800000)
 ParOldGen       total 549888K, used 549756K [0x0000000080000000, 0x00000000a1900000, 0x00000000d5580000)
  object space 549888K, 99% used [0x0000000080000000,0x00000000a18df338,0x00000000a1900000)
 Metaspace       used 58652K, committed 60096K, reserved 1114112K
  class space    used 6302K, committed 6912K, reserved 1048576K
}
Event: 18.130 GC heap after
{Heap after GC invocations=1090 (full 3):
 PSYoungGen      total 2048K, used 704K [0x00000000d5580000, 0x00000000d5880000, 0x0000000100000000)
  eden space 1024K, 0% used [0x00000000d5580000,0x00000000d5580000,0x00000000d5680000)
  from space 1024K, 68% used [0x00000000d5680000,0x00000000d5730000,0x00000000d5780000)
  to   space 1024K, 0% used [0x00000000d5780000,0x00000000d5780000,0x00000000d5880000)
 ParOldGen       total 550912K, used 550659K [0x0000000080000000, 0x00000000a1a00000, 0x00000000d5580000)
  object space 550912K, 99% used [0x0000000080000000,0x00000000a19c0de0,0x00000000a1a00000)
 Metaspace       used 58652K, committed 60096K, reserved 1114112K
  class space    used 6302K, committed 6912K, reserved 1048576K
}
Event: 18.141 GC heap before
{Heap before GC invocations=1091 (full 3):
 PSYoungGen      total 2048K, used 1728K [0x00000000d5580000, 0x00000000d5880000, 0x0000000100000000)
  eden space 1024K, 100% used [0x00000000d5580000,0x00000000d5680000,0x00000000d5680000)
  from space 1024K, 68% used [0x00000000d5680000,0x00000000d5730000,0x00000000d5780000)
  to   space 1024K, 0% used [0x00000000d5780000,0x00000000d5780000,0x00000000d5880000)
 ParOldGen       total 550912K, used 550659K [0x0000000080000000, 0x00000000a1a00000, 0x00000000d5580000)
  object space 550912K, 99% used [0x0000000080000000,0x00000000a19c0de0,0x00000000a1a00000)
 Metaspace       used 58652K, committed 60096K, reserved 1114112K
  class space    used 6302K, committed 6912K, reserved 1048576K
}
Event: 18.143 GC heap after
{Heap after GC invocations=1091 (full 3):
 PSYoungGen      total 2048K, used 704K [0x00000000d5580000, 0x00000000d5880000, 0x0000000100000000)
  eden space 1024K, 0% used [0x00000000d5580000,0x00000000d5580000,0x00000000d5680000)
  from space 1024K, 68% used [0x00000000d5780000,0x00000000d5830000,0x00000000d5880000)
  to   space 1024K, 0% used [0x00000000d5680000,0x00000000d5680000,0x00000000d5780000)
 ParOldGen       total 551424K, used 551331K [0x0000000080000000, 0x00000000a1a80000, 0x00000000d5580000)
  object space 551424K, 99% used [0x0000000080000000,0x00000000a1a68de0,0x00000000a1a80000)
 Metaspace       used 58652K, committed 60096K, reserved 1114112K
  class space    used 6302K, committed 6912K, reserved 1048576K
}
Event: 18.152 GC heap before
{Heap before GC invocations=1092 (full 3):
 PSYoungGen      total 2048K, used 1728K [0x00000000d5580000, 0x00000000d5880000, 0x0000000100000000)
  eden space 1024K, 100% used [0x00000000d5580000,0x00000000d5680000,0x00000000d5680000)
  from space 1024K, 68% used [0x00000000d5780000,0x00000000d5830000,0x00000000d5880000)
  to   space 1024K, 0% used [0x00000000d5680000,0x00000000d5680000,0x00000000d5780000)
 ParOldGen       total 551424K, used 551331K [0x0000000080000000, 0x00000000a1a80000, 0x00000000d5580000)
  object space 551424K, 99% used [0x0000000080000000,0x00000000a1a68de0,0x00000000a1a80000)
 Metaspace       used 58652K, committed 60096K, reserved 1114112K
  class space    used 6302K, committed 6912K, reserved 1048576K
}
Event: 18.153 GC heap after
{Heap after GC invocations=1092 (full 3):
 PSYoungGen      total 2048K, used 640K [0x00000000d5580000, 0x00000000d5880000, 0x0000000100000000)
  eden space 1024K, 0% used [0x00000000d5580000,0x00000000d5580000,0x00000000d5680000)
  from space 1024K, 62% used [0x00000000d5680000,0x00000000d5720000,0x00000000d5780000)
  to   space 1024K, 0% used [0x00000000d5780000,0x00000000d5780000,0x00000000d5880000)
 ParOldGen       total 552448K, used 551963K [0x0000000080000000, 0x00000000a1b80000, 0x00000000d5580000)
  object space 552448K, 99% used [0x0000000080000000,0x00000000a1b06de0,0x00000000a1b80000)
 Metaspace       used 58652K, committed 60096K, reserved 1114112K
  class space    used 6302K, committed 6912K, reserved 1048576K
}
Event: 18.190 GC heap before
{Heap before GC invocations=1093 (full 3):
 PSYoungGen      total 2048K, used 1651K [0x00000000d5580000, 0x00000000d5880000, 0x0000000100000000)
  eden space 1024K, 98% used [0x00000000d5580000,0x00000000d567cf40,0x00000000d5680000)
  from space 1024K, 62% used [0x00000000d5680000,0x00000000d5720000,0x00000000d5780000)
  to   space 1024K, 0% used [0x00000000d5780000,0x00000000d5780000,0x00000000d5880000)
 ParOldGen       total 552448K, used 551963K [0x0000000080000000, 0x00000000a1b80000, 0x00000000d5580000)
  object space 552448K, 99% used [0x0000000080000000,0x00000000a1b06de0,0x00000000a1b80000)
 Metaspace       used 58652K, committed 60096K, reserved 1114112K
  class space    used 6302K, committed 6912K, reserved 1048576K
}
Event: 18.192 GC heap after
{Heap after GC invocations=1093 (full 3):
 PSYoungGen      total 2048K, used 832K [0x00000000d5580000, 0x00000000d5880000, 0x0000000100000000)
  eden space 1024K, 0% used [0x00000000d5580000,0x00000000d5580000,0x00000000d5680000)
  from space 1024K, 81% used [0x00000000d5780000,0x00000000d5850000,0x00000000d5880000)
  to   space 1024K, 0% used [0x00000000d5680000,0x00000000d5680000,0x00000000d5780000)
 ParOldGen       total 552960K, used 552563K [0x0000000080000000, 0x00000000a1c00000, 0x00000000d5580000)
  object space 552960K, 99% used [0x0000000080000000,0x00000000a1b9cde0,0x00000000a1c00000)
 Metaspace       used 58652K, committed 60096K, reserved 1114112K
  class space    used 6302K, committed 6912K, reserved 1048576K
}
Event: 18.264 GC heap before
{Heap before GC invocations=1094 (full 3):
 PSYoungGen      total 2048K, used 1855K [0x00000000d5580000, 0x00000000d5880000, 0x0000000100000000)
  eden space 1024K, 99% used [0x00000000d5580000,0x00000000d567fff0,0x00000000d5680000)
  from space 1024K, 81% used [0x00000000d5780000,0x00000000d5850000,0x00000000d5880000)
  to   space 1024K, 0% used [0x00000000d5680000,0x00000000d5680000,0x00000000d5780000)
 ParOldGen       total 552960K, used 552563K [0x0000000080000000, 0x00000000a1c00000, 0x00000000d5580000)
  object space 552960K, 99% used [0x0000000080000000,0x00000000a1b9cde0,0x00000000a1c00000)
 Metaspace       used 58772K, committed 60160K, reserved 1114112K
  class space    used 6316K, committed 6912K, reserved 1048576K
}
Event: 18.267 GC heap after
{Heap after GC invocations=1094 (full 3):
 PSYoungGen      total 2048K, used 256K [0x00000000d5580000, 0x00000000d5800000, 0x0000000100000000)
  eden space 1024K, 0% used [0x00000000d5580000,0x00000000d5580000,0x00000000d5680000)
  from space 1024K, 25% used [0x00000000d5680000,0x00000000d56c0000,0x00000000d5780000)
  to   space 512K, 0% used [0x00000000d5780000,0x00000000d5780000,0x00000000d5800000)
 ParOldGen       total 553472K, used 553267K [0x0000000080000000, 0x00000000a1c80000, 0x00000000d5580000)
  object space 553472K, 99% used [0x0000000080000000,0x00000000a1c4cde0,0x00000000a1c80000)
 Metaspace       used 58772K, committed 60160K, reserved 1114112K
  class space    used 6316K, committed 6912K, reserved 1048576K
}

Dll operation events (10 events):
Event: 0.013 Loaded shared library c:\Users\55379\.vscode\extensions\redhat.java-1.53.0-win32-x64\jre\21.0.10-win32-x86_64\bin\java.dll
Event: 0.082 Loaded shared library c:\Users\55379\.vscode\extensions\redhat.java-1.53.0-win32-x64\jre\21.0.10-win32-x86_64\bin\zip.dll
Event: 0.108 Loaded shared library C:\Users\55379\.vscode\extensions\redhat.java-1.53.0-win32-x64\jre\21.0.10-win32-x86_64\bin\instrument.dll
Event: 0.115 Loaded shared library C:\Users\55379\.vscode\extensions\redhat.java-1.53.0-win32-x64\jre\21.0.10-win32-x86_64\bin\net.dll
Event: 0.118 Loaded shared library C:\Users\55379\.vscode\extensions\redhat.java-1.53.0-win32-x64\jre\21.0.10-win32-x86_64\bin\nio.dll
Event: 0.122 Loaded shared library C:\Users\55379\.vscode\extensions\redhat.java-1.53.0-win32-x64\jre\21.0.10-win32-x86_64\bin\zip.dll
Event: 0.144 Loaded shared library C:\Users\55379\.vscode\extensions\redhat.java-1.53.0-win32-x64\jre\21.0.10-win32-x86_64\bin\jimage.dll
Event: 0.246 Loaded shared library c:\Users\55379\.vscode\extensions\redhat.java-1.53.0-win32-x64\jre\21.0.10-win32-x86_64\bin\verify.dll
Event: 1.553 Loaded shared library C:\Users\55379\AppData\Roaming\Code\User\globalStorage\redhat.java\1.53.0\config_win\org.eclipse.equinox.launcher\org.eclipse.equinox.launcher.win32.win32.x86_64_1.3.0.v20260203-2149\eclipse_11919.dll
Event: 3.260 Loaded shared library C:\Users\55379\AppData\Local\Temp\jna-50576309\jna16616331245288613849.dll

Deoptimization events (20 events):
Event: 18.235 Thread 0x0000018bc74cd4f0 DEOPT PACKING pc=0x0000018bf3ca109c sp=0x000000222a0fec30
Event: 18.235 Thread 0x0000018bc74cd4f0 DEOPT UNPACKING pc=0x0000018bf33b3aa2 sp=0x000000222a0fec00 mode 2
Event: 18.244 Thread 0x0000018bc74cd4f0 Uncommon trap: trap_request=0xffffffbe fr.pc=0x0000018bf3e29a54 relative=0x00000000000005b4
Event: 18.244 Thread 0x0000018bc74cd4f0 Uncommon trap: reason=profile_predicate action=maybe_recompile pc=0x0000018bf3e29a54 method=org.eclipse.jdt.internal.compiler.util.SimpleLookupTable.put(Ljava/lang/Object;Ljava/lang/Object;)Ljava/lang/Object; @ 61 c2
Event: 18.244 Thread 0x0000018bc74cd4f0 DEOPT PACKING pc=0x0000018bf3e29a54 sp=0x000000222a0ff240
Event: 18.244 Thread 0x0000018bc74cd4f0 DEOPT UNPACKING pc=0x0000018bf33b3aa2 sp=0x000000222a0ff1f8 mode 2
Event: 18.249 Thread 0x0000018bc74cd4f0 Uncommon trap: trap_request=0xffffffbe fr.pc=0x0000018bf3e29a54 relative=0x00000000000005b4
Event: 18.249 Thread 0x0000018bc74cd4f0 Uncommon trap: reason=profile_predicate action=maybe_recompile pc=0x0000018bf3e29a54 method=org.eclipse.jdt.internal.compiler.util.SimpleLookupTable.put(Ljava/lang/Object;Ljava/lang/Object;)Ljava/lang/Object; @ 61 c2
Event: 18.249 Thread 0x0000018bc74cd4f0 DEOPT PACKING pc=0x0000018bf3e29a54 sp=0x000000222a0ff240
Event: 18.249 Thread 0x0000018bc74cd4f0 DEOPT UNPACKING pc=0x0000018bf33b3aa2 sp=0x000000222a0ff1f8 mode 2
Event: 18.263 Thread 0x0000018bc8bc2910 Uncommon trap: trap_request=0xffffff45 fr.pc=0x0000018bf3cf088c relative=0x00000000000001ec
Event: 18.263 Thread 0x0000018bc8bc2910 Uncommon trap: reason=unstable_if action=reinterpret pc=0x0000018bf3cf088c method=org.eclipse.core.runtime.Path.computeLength()I @ 92 c2
Event: 18.263 Thread 0x0000018bc8bc2910 DEOPT PACKING pc=0x0000018bf3cf088c sp=0x000000222b8fe3e0
Event: 18.263 Thread 0x0000018bc8bc2910 DEOPT UNPACKING pc=0x0000018bf33b3aa2 sp=0x000000222b8fe358 mode 2
Event: 18.268 Thread 0x0000018bc8bc2910 Uncommon trap: trap_request=0xffffff6e fr.pc=0x0000018bf3a4e644 relative=0x00000000000001a4
Event: 18.268 Thread 0x0000018bc8bc2910 Uncommon trap: reason=loop_limit_check action=maybe_recompile pc=0x0000018bf3a4e644 method=java.lang.StringLatin1.lastIndexOf([BII)I @ 19 c2
Event: 18.268 Thread 0x0000018bc8bc2910 DEOPT PACKING pc=0x0000018bf3a4e644 sp=0x000000222b8fe780
Event: 18.268 Thread 0x0000018bc8bc2910 DEOPT UNPACKING pc=0x0000018bf33b3aa2 sp=0x000000222b8fe638 mode 2
Event: 18.275 Thread 0x0000018bc8bc5d90 DEOPT PACKING pc=0x0000018bec309f1f sp=0x000000222b6fe480
Event: 18.275 Thread 0x0000018bc8bc5d90 DEOPT UNPACKING pc=0x0000018bf33b4242 sp=0x000000222b6fd958 mode 0

Classes loaded (20 events):
Event: 8.569 Loading class java/util/stream/ReduceOps$4ReducingSink
Event: 8.569 Loading class java/util/stream/ReduceOps$4ReducingSink done
Event: 8.627 Loading class java/util/concurrent/ForkJoinTask$AdaptedCallable
Event: 8.627 Loading class java/util/concurrent/ForkJoinTask$AdaptedCallable done
Event: 8.838 Loading class java/util/concurrent/CompletableFuture$UniApply
Event: 8.838 Loading class java/util/concurrent/CompletableFuture$UniCompletion
Event: 8.838 Loading class java/util/concurrent/CompletableFuture$UniCompletion done
Event: 8.838 Loading class java/util/concurrent/CompletableFuture$UniApply done
Event: 8.838 Loading class java/util/concurrent/CompletableFuture$UniAccept
Event: 8.838 Loading class java/util/concurrent/CompletableFuture$UniAccept done
Event: 8.838 Loading class java/util/concurrent/CompletableFuture$UniExceptionally
Event: 8.838 Loading class java/util/concurrent/CompletableFuture$UniExceptionally done
Event: 8.940 Loading class java/util/Hashtable$KeySet
Event: 8.940 Loading class java/util/Hashtable$KeySet done
Event: 12.740 Loading class java/lang/Throwable$WrappedPrintWriter
Event: 12.740 Loading class java/lang/Throwable$PrintStreamOrWriter
Event: 12.740 Loading class java/lang/Throwable$PrintStreamOrWriter done
Event: 12.740 Loading class java/lang/Throwable$WrappedPrintWriter done
Event: 18.241 Loading class sun/nio/fs/WindowsFileCopy
Event: 18.242 Loading class sun/nio/fs/WindowsFileCopy done

Classes unloaded (7 events):
Event: 3.913 Thread 0x0000018be8cee1d0 Unloading class 0x0000018b811aac00 'java/lang/invoke/LambdaForm$MH+0x0000018b811aac00'
Event: 3.913 Thread 0x0000018be8cee1d0 Unloading class 0x0000018b811aa800 'java/lang/invoke/LambdaForm$MH+0x0000018b811aa800'
Event: 3.913 Thread 0x0000018be8cee1d0 Unloading class 0x0000018b811aa400 'java/lang/invoke/LambdaForm$MH+0x0000018b811aa400'
Event: 3.913 Thread 0x0000018be8cee1d0 Unloading class 0x0000018b811aa000 'java/lang/invoke/LambdaForm$MH+0x0000018b811aa000'
Event: 3.913 Thread 0x0000018be8cee1d0 Unloading class 0x0000018b811a9c00 'java/lang/invoke/LambdaForm$BMH+0x0000018b811a9c00'
Event: 3.913 Thread 0x0000018be8cee1d0 Unloading class 0x0000018b811a9800 'java/lang/invoke/LambdaForm$DMH+0x0000018b811a9800'
Event: 3.913 Thread 0x0000018be8cee1d0 Unloading class 0x0000018b811a8400 'java/lang/invoke/LambdaForm$DMH+0x0000018b811a8400'

Classes redefined (0 events):
No events

Internal exceptions (20 events):
Event: 9.030 Thread 0x0000018bc74cad90 Exception <a 'sun/nio/fs/WindowsException'{0x00000000d5e30f28}> (0x00000000d5e30f28) 
thrown [s\src\hotspot\share\prims\jni.cpp, line 520]
Event: 9.030 Thread 0x0000018bc74cad90 Exception <a 'sun/nio/fs/WindowsException'{0x00000000d5e31578}> (0x00000000d5e31578) 
thrown [s\src\hotspot\share\prims\jni.cpp, line 520]
Event: 9.030 Thread 0x0000018bc74cad90 Exception <a 'sun/nio/fs/WindowsException'{0x00000000d5eda450}> (0x00000000d5eda450) 
thrown [s\src\hotspot\share\prims\jni.cpp, line 520]
Event: 9.031 Thread 0x0000018bc74cad90 Exception <a 'sun/nio/fs/WindowsException'{0x00000000d5edaaa0}> (0x00000000d5edaaa0) 
thrown [s\src\hotspot\share\prims\jni.cpp, line 520]
Event: 9.619 Thread 0x0000018bc74cd4f0 Implicit null exception at 0x0000018bf3d09d60 to 0x0000018bf3d10390
Event: 9.670 Thread 0x0000018bc74cad90 Exception <a 'java/io/FileNotFoundException'{0x00000000d5bb6200}> (0x00000000d5bb6200) 
thrown [s\src\hotspot\share\prims\jni.cpp, line 520]
Event: 9.670 Thread 0x0000018bc74cad90 Exception <a 'java/io/FileNotFoundException'{0x00000000d5bf9700}> (0x00000000d5bf9700) 
thrown [s\src\hotspot\share\prims\jni.cpp, line 520]
Event: 9.670 Thread 0x0000018bc74cad90 Exception <a 'java/io/FileNotFoundException'{0x00000000d5bfa4a0}> (0x00000000d5bfa4a0) 
thrown [s\src\hotspot\share\prims\jni.cpp, line 520]
Event: 12.735 Thread 0x0000018bc74cd4f0 Exception <a 'java/io/IOException'{0x00000000d55f4988}> (0x00000000d55f4988) 
thrown [s\src\hotspot\share\prims\jni.cpp, line 520]
Event: 12.736 Thread 0x0000018bc74cd4f0 Exception <a 'java/io/IOException'{0x00000000d55f4ca8}> (0x00000000d55f4ca8) 
thrown [s\src\hotspot\share\prims\jni.cpp, line 520]
Event: 12.934 Thread 0x0000018bc74cd4f0 Implicit null exception at 0x0000018bf3d69788 to 0x0000018bf3d70610
Event: 12.934 Thread 0x0000018bc74cd4f0 Implicit null exception at 0x0000018bf3ce92e2 to 0x0000018bf3cebb60
Event: 15.177 Thread 0x0000018bc9297dc0 Exception <a 'java/lang/IncompatibleClassChangeError'{0x00000000d5769908}: Found class java.lang.Object, but interface was expected> (0x00000000d5769908) 
thrown [s\src\hotspot\share\interpreter\linkResolver.cpp, line 840]
Event: 15.187 Thread 0x0000018bc8bc4350 Exception <a 'java/lang/ArrayIndexOutOfBoundsException'{0x00000000d58b4ad0}> (0x00000000d58b4ad0) 
thrown [s\src\hotspot\share\runtime\sharedRuntime.cpp, line 625]
Event: 15.249 Thread 0x0000018bc74cd4f0 Implicit null exception at 0x0000018bf3d5fd55 to 0x0000018bf3d62104
Event: 18.193 Thread 0x0000018bc74cd4f0 Exception <a 'java/io/IOException'{0x00000000d5589c98}> (0x00000000d5589c98) 
thrown [s\src\hotspot\share\prims\jni.cpp, line 520]
Event: 18.193 Thread 0x0000018bc74cd4f0 Exception <a 'java/io/IOException'{0x00000000d5589fb8}> (0x00000000d5589fb8) 
thrown [s\src\hotspot\share\prims\jni.cpp, line 520]
Event: 18.243 Thread 0x0000018bc74cd4f0 Exception <a 'sun/nio/fs/WindowsException'{0x00000000d5631718}> (0x00000000d5631718) 
thrown [s\src\hotspot\share\prims\jni.cpp, line 520]
Event: 18.249 Thread 0x0000018bc74cd4f0 Exception <a 'sun/nio/fs/WindowsException'{0x00000000d56467d0}> (0x00000000d56467d0) 
thrown [s\src\hotspot\share\prims\jni.cpp, line 520]
Event: 18.269 Thread 0x0000018bc9297dc0 Exception <a 'java/lang/IncompatibleClassChangeError'{0x00000000d55b04b8}: Found class java.lang.Object, but interface was expected> (0x00000000d55b04b8) 
thrown [s\src\hotspot\share\interpreter\linkResolver.cpp, line 840]

ZGC Phase Switch (0 events):
No events

VM Operations (20 events):
Event: 18.065 Executing safepoint VM operation: ParallelGCFailedAllocation (Allocation Failure)
Event: 18.068 Executing safepoint VM operation: ParallelGCFailedAllocation (Allocation Failure) done
Event: 18.087 Executing safepoint VM operation: ParallelGCFailedAllocation (Allocation Failure)
Event: 18.090 Executing safepoint VM operation: ParallelGCFailedAllocation (Allocation Failure) done
Event: 18.116 Executing safepoint VM operation: ParallelGCFailedAllocation (Allocation Failure)
Event: 18.118 Executing safepoint VM operation: ParallelGCFailedAllocation (Allocation Failure) done
Event: 18.126 Executing safepoint VM operation: ParallelGCFailedAllocation (Allocation Failure)
Event: 18.130 Executing safepoint VM operation: ParallelGCFailedAllocation (Allocation Failure) done
Event: 18.141 Executing safepoint VM operation: ParallelGCFailedAllocation (Allocation Failure)
Event: 18.143 Executing safepoint VM operation: ParallelGCFailedAllocation (Allocation Failure) done
Event: 18.152 Executing safepoint VM operation: ParallelGCFailedAllocation (Allocation Failure)
Event: 18.153 Executing safepoint VM operation: ParallelGCFailedAllocation (Allocation Failure) done
Event: 18.190 Executing safepoint VM operation: ParallelGCFailedAllocation (Allocation Failure)
Event: 18.192 Executing safepoint VM operation: ParallelGCFailedAllocation (Allocation Failure) done
Event: 18.214 Executing non-safepoint VM operation: HandshakeAllThreads (Deoptimize)
Event: 18.214 Executing non-safepoint VM operation: HandshakeAllThreads (Deoptimize) done
Event: 18.219 Executing non-safepoint VM operation: HandshakeAllThreads (Deoptimize)
Event: 18.219 Executing non-safepoint VM operation: HandshakeAllThreads (Deoptimize) done
Event: 18.264 Executing safepoint VM operation: ParallelGCFailedAllocation (Allocation Failure)
Event: 18.267 Executing safepoint VM operation: ParallelGCFailedAllocation (Allocation Failure) done

Memory protections (0 events):
No events

Nmethod flushes (20 events):
Event: 12.805 Thread 0x0000018be8cee1d0 flushing  nmethod 0x0000018bec6b3790
Event: 12.805 Thread 0x0000018be8cee1d0 flushing  nmethod 0x0000018bec6ba290
Event: 12.805 Thread 0x0000018be8cee1d0 flushing  nmethod 0x0000018bec6cfc90
Event: 12.805 Thread 0x0000018be8cee1d0 flushing  nmethod 0x0000018bec6d6e90
Event: 12.805 Thread 0x0000018be8cee1d0 flushing  nmethod 0x0000018bec6e9690
Event: 12.805 Thread 0x0000018be8cee1d0 flushing  nmethod 0x0000018bec6f8110
Event: 12.805 Thread 0x0000018be8cee1d0 flushing  nmethod 0x0000018bec70db10
Event: 12.805 Thread 0x0000018be8cee1d0 flushing  nmethod 0x0000018bec70f610
Event: 12.805 Thread 0x0000018be8cee1d0 flushing  nmethod 0x0000018bec710f10
Event: 12.805 Thread 0x0000018be8cee1d0 flushing  nmethod 0x0000018bec711910
Event: 12.805 Thread 0x0000018be8cee1d0 flushing  nmethod 0x0000018bec714c90
Event: 12.805 Thread 0x0000018be8cee1d0 flushing  nmethod 0x0000018bec71da10
Event: 12.805 Thread 0x0000018be8cee1d0 flushing  nmethod 0x0000018bec71de90
Event: 12.805 Thread 0x0000018be8cee1d0 flushing  nmethod 0x0000018bec720110
Event: 12.805 Thread 0x0000018be8cee1d0 flushing  nmethod 0x0000018bec732a90
Event: 12.805 Thread 0x0000018be8cee1d0 flushing  nmethod 0x0000018bec733c90
Event: 12.805 Thread 0x0000018be8cee1d0 flushing  nmethod 0x0000018bec733f90
Event: 12.805 Thread 0x0000018be8cee1d0 flushing  nmethod 0x0000018bec734890
Event: 12.805 Thread 0x0000018be8cee1d0 flushing  nmethod 0x0000018bec735790
Event: 12.805 Thread 0x0000018be8cee1d0 flushing  nmethod 0x0000018bec73b810

Events (20 events):
Event: 4.909 Thread 0x0000018be8c2c7f0 Thread added: 0x0000018bc9296380
Event: 5.056 Thread 0x0000018be8c2c7f0 Thread added: 0x0000018bc9295660
Event: 5.086 Thread 0x0000018be8c2c7f0 Thread added: 0x0000018bc9297dc0
Event: 5.184 Thread 0x0000018bc74ca700 Thread added: 0x0000018bc92921e0
Event: 8.627 Thread 0x0000018bc9297dc0 Thread added: 0x0000018bc9298450
Event: 8.841 Thread 0x0000018bc9297dc0 Thread added: 0x0000018bc9294940
Event: 10.421 Thread 0x0000018bc8354110 Thread added: 0x0000018bc9b86850
Event: 10.719 Thread 0x0000018bc9b86850 Thread exited: 0x0000018bc9b86850
Event: 10.912 Thread 0x0000018bc8354110 Thread exited: 0x0000018bc8354110
Event: 11.203 Thread 0x0000018bff6ac490 Thread added: 0x0000018bc8354110
Event: 12.122 Thread 0x0000018bc8354110 Thread exited: 0x0000018bc8354110
Event: 12.595 Thread 0x0000018bff6ac490 Thread added: 0x0000018bcb805bf0
Event: 12.759 Thread 0x0000018bc9294940 Thread added: 0x0000018bc8bc5d90
Event: 12.759 Thread 0x0000018bc74ca700 Thread added: 0x0000018bc8bc4350
Event: 12.759 Thread 0x0000018bc8bc4350 Thread added: 0x0000018bc8bc2910
Event: 12.763 Thread 0x0000018bc8bc2910 Thread added: 0x0000018bc8bc2fa0
Event: 13.747 Thread 0x0000018bcb805bf0 Thread exited: 0x0000018bcb805bf0
Event: 15.189 Thread 0x0000018bff6cb860 Thread added: 0x0000018bc8e94370
Event: 15.606 Thread 0x0000018bc8e94370 Thread exited: 0x0000018bc8e94370
Event: 18.245 Thread 0x0000018bff6cb860 Thread added: 0x0000018bc8e94370


Dynamic libraries:
0x00007ff626260000 - 0x00007ff62626e000 	c:\Users\55379\.vscode\extensions\redhat.java-1.53.0-win32-x64\jre\21.0.10-win32-x86_64\bin\java.exe
0x00007ff9e0530000 - 0x00007ff9e0748000 	C:\WINDOWS\SYSTEM32\ntdll.dll
0x00007ff9dfc00000 - 0x00007ff9dfcc4000 	C:\WINDOWS\System32\KERNEL32.DLL
0x00007ff9dd8d0000 - 0x00007ff9ddca3000 	C:\WINDOWS\System32\KERNELBASE.dll
0x00007ff9de0b0000 - 0x00007ff9de1c1000 	C:\WINDOWS\System32\ucrtbase.dll
0x00007ff9d4d30000 - 0x00007ff9d4d48000 	c:\Users\55379\.vscode\extensions\redhat.java-1.53.0-win32-x64\jre\21.0.10-win32-x86_64\bin\jli.dll
0x00007ff9de1d0000 - 0x00007ff9de382000 	C:\WINDOWS\System32\USER32.dll
0x00007ff9dde90000 - 0x00007ff9ddeb6000 	C:\WINDOWS\System32\win32u.dll
0x00007ff9de4a0000 - 0x00007ff9de4c9000 	C:\WINDOWS\System32\GDI32.dll
0x00007ff9cbd60000 - 0x00007ff9cbd7e000 	c:\Users\55379\.vscode\extensions\redhat.java-1.53.0-win32-x64\jre\21.0.10-win32-x86_64\bin\VCRUNTIME140.dll
0x00007ff9dd6f0000 - 0x00007ff9dd80b000 	C:\WINDOWS\System32\gdi32full.dll
0x00007ff9dddf0000 - 0x00007ff9dde8a000 	C:\WINDOWS\System32\msvcp_win.dll
0x00007ff9bcc10000 - 0x00007ff9bceac000 	C:\WINDOWS\WinSxS\amd64_microsoft.windows.common-controls_6595b64144ccf1df_6.0.22621.6060_none_2712eda17382d24b\COMCTL32.dll
0x00007ff9e0090000 - 0x00007ff9e0137000 	C:\WINDOWS\System32\msvcrt.dll
0x00007ff9e0400000 - 0x00007ff9e0431000 	C:\WINDOWS\System32\IMM32.DLL
0x00007ff9d9fb0000 - 0x00007ff9d9fbc000 	c:\Users\55379\.vscode\extensions\redhat.java-1.53.0-win32-x64\jre\21.0.10-win32-x86_64\bin\vcruntime140_1.dll
0x00007ff9827a0000 - 0x00007ff98282d000 	c:\Users\55379\.vscode\extensions\redhat.java-1.53.0-win32-x64\jre\21.0.10-win32-x86_64\bin\msvcp140.dll
0x00007ff92a860000 - 0x00007ff92b601000 	c:\Users\55379\.vscode\extensions\redhat.java-1.53.0-win32-x64\jre\21.0.10-win32-x86_64\bin\server\jvm.dll
0x00007ff9deb20000 - 0x00007ff9debd1000 	C:\WINDOWS\System32\ADVAPI32.dll
0x00007ff9e0440000 - 0x00007ff9e04e8000 	C:\WINDOWS\System32\sechost.dll
0x00007ff9dd6c0000 - 0x00007ff9dd6e8000 	C:\WINDOWS\System32\bcrypt.dll
0x00007ff9df900000 - 0x00007ff9dfa18000 	C:\WINDOWS\System32\RPCRT4.dll
0x00007ff9de8e0000 - 0x00007ff9de951000 	C:\WINDOWS\System32\WS2_32.dll
0x00007ff9dc490000 - 0x00007ff9dc4dd000 	C:\WINDOWS\SYSTEM32\POWRPROF.dll
0x00007ff9d2090000 - 0x00007ff9d209a000 	C:\WINDOWS\SYSTEM32\VERSION.dll
0x00007ff9d4ea0000 - 0x00007ff9d4ed4000 	C:\WINDOWS\SYSTEM32\WINMM.dll
0x00007ff9dc470000 - 0x00007ff9dc483000 	C:\WINDOWS\SYSTEM32\UMPDC.dll
0x00007ff9dc710000 - 0x00007ff9dc728000 	C:\WINDOWS\SYSTEM32\kernel.appcore.dll
0x00007ff9d8340000 - 0x00007ff9d834a000 	c:\Users\55379\.vscode\extensions\redhat.java-1.53.0-win32-x64\jre\21.0.10-win32-x86_64\bin\jimage.dll
0x00007ff9daa60000 - 0x00007ff9dac93000 	C:\WINDOWS\SYSTEM32\DBGHELP.DLL
0x00007ff9de540000 - 0x00007ff9de8d1000 	C:\WINDOWS\System32\combase.dll
0x00007ff9e0210000 - 0x00007ff9e02e8000 	C:\WINDOWS\System32\OLEAUT32.dll
0x00007ff9d4e60000 - 0x00007ff9d4e92000 	C:\WINDOWS\SYSTEM32\dbgcore.DLL
0x00007ff9dd640000 - 0x00007ff9dd6bb000 	C:\WINDOWS\System32\bcryptPrimitives.dll
0x00007ff9d4d60000 - 0x00007ff9d4d6f000 	c:\Users\55379\.vscode\extensions\redhat.java-1.53.0-win32-x64\jre\21.0.10-win32-x86_64\bin\instrument.dll
0x00007ff9cbc10000 - 0x00007ff9cbc30000 	c:\Users\55379\.vscode\extensions\redhat.java-1.53.0-win32-x64\jre\21.0.10-win32-x86_64\bin\java.dll
0x00007ff9df060000 - 0x00007ff9df8fc000 	C:\WINDOWS\System32\SHELL32.dll
0x00007ff9ddcb0000 - 0x00007ff9dddef000 	C:\WINDOWS\System32\wintypes.dll
0x00007ff9db550000 - 0x00007ff9dbe6a000 	C:\WINDOWS\SYSTEM32\windows.storage.dll
0x00007ff9de390000 - 0x00007ff9de494000 	C:\WINDOWS\System32\SHCORE.dll
0x00007ff9dfcd0000 - 0x00007ff9dfd39000 	C:\WINDOWS\System32\shlwapi.dll
0x00007ff9dd570000 - 0x00007ff9dd595000 	C:\WINDOWS\SYSTEM32\profapi.dll
0x00007ff9cbb00000 - 0x00007ff9cbb18000 	c:\Users\55379\.vscode\extensions\redhat.java-1.53.0-win32-x64\jre\21.0.10-win32-x86_64\bin\zip.dll
0x00007ff9d4d00000 - 0x00007ff9d4d10000 	C:\Users\55379\.vscode\extensions\redhat.java-1.53.0-win32-x64\jre\21.0.10-win32-x86_64\bin\net.dll
0x00007ff9d4830000 - 0x00007ff9d495c000 	C:\WINDOWS\SYSTEM32\WINHTTP.dll
0x00007ff9dcbf0000 - 0x00007ff9dcc59000 	C:\WINDOWS\system32\mswsock.dll
0x00007ff9cbaa0000 - 0x00007ff9cbab6000 	C:\Users\55379\.vscode\extensions\redhat.java-1.53.0-win32-x64\jre\21.0.10-win32-x86_64\bin\nio.dll
0x00007ff9cc570000 - 0x00007ff9cc580000 	c:\Users\55379\.vscode\extensions\redhat.java-1.53.0-win32-x64\jre\21.0.10-win32-x86_64\bin\verify.dll
0x00007ff9a8550000 - 0x00007ff9a8595000 	C:\Users\55379\AppData\Roaming\Code\User\globalStorage\redhat.java\1.53.0\config_win\org.eclipse.equinox.launcher\org.eclipse.equinox.launcher.win32.win32.x86_64_1.3.0.v20260203-2149\eclipse_11919.dll
0x00007ff9dfe30000 - 0x00007ff9dffd1000 	C:\WINDOWS\System32\ole32.dll
0x00007ff9dce50000 - 0x00007ff9dce6b000 	C:\WINDOWS\SYSTEM32\CRYPTSP.dll
0x00007ff9dc670000 - 0x00007ff9dc6a7000 	C:\WINDOWS\system32\rsaenh.dll
0x00007ff9dcce0000 - 0x00007ff9dcd08000 	C:\WINDOWS\SYSTEM32\USERENV.dll
0x00007ff9dce40000 - 0x00007ff9dce4c000 	C:\WINDOWS\SYSTEM32\CRYPTBASE.dll
0x00007ff9dc140000 - 0x00007ff9dc16d000 	C:\WINDOWS\SYSTEM32\IPHLPAPI.DLL
0x00007ff9dfdd0000 - 0x00007ff9dfdd9000 	C:\WINDOWS\System32\NSI.dll
0x00007ff99b8c0000 - 0x00007ff99b909000 	C:\Users\55379\AppData\Local\Temp\jna-50576309\jna16616331245288613849.dll
0x00007ff9e0200000 - 0x00007ff9e0208000 	C:\WINDOWS\System32\PSAPI.DLL
0x00007ff9d34b0000 - 0x00007ff9d34c9000 	C:\WINDOWS\SYSTEM32\dhcpcsvc6.DLL
0x00007ff9d32c0000 - 0x00007ff9d32df000 	C:\WINDOWS\SYSTEM32\dhcpcsvc.DLL

JVMTI agents:
c:\Users\55379\.vscode\extensions\redhat.java-1.53.0-win32-x64\lombok\lombok-1.18.39-4050.jar path:c:\Users\55379\.vscode\extensions\redhat.java-1.53.0-win32-x64\jre\21.0.10-win32-x86_64\bin\instrument.dll, loaded, initialized, instrumentlib options:none

dbghelp: loaded successfully - version: 4.0.5 - missing functions: none
symbol engine: initialized successfully - sym options: 0x614 - pdb path: .;c:\Users\55379\.vscode\extensions\redhat.java-1.53.0-win32-x64\jre\21.0.10-win32-x86_64\bin;C:\WINDOWS\SYSTEM32;C:\WINDOWS\WinSxS\amd64_microsoft.windows.common-controls_6595b64144ccf1df_6.0.22621.6060_none_2712eda17382d24b;c:\Users\55379\.vscode\extensions\redhat.java-1.53.0-win32-x64\jre\21.0.10-win32-x86_64\bin\server;C:\Users\55379\AppData\Roaming\Code\User\globalStorage\redhat.java\1.53.0\config_win\org.eclipse.equinox.launcher\org.eclipse.equinox.launcher.win32.win32.x86_64_1.3.0.v20260203-2149;C:\Users\55379\AppData\Local\Temp\jna-50576309

VM Arguments:
jvm_args: --add-modules=ALL-SYSTEM --add-opens=java.base/java.util=ALL-UNNAMED --add-opens=java.base/java.lang=ALL-UNNAMED --add-opens=java.base/sun.nio.fs=ALL-UNNAMED -Declipse.application=org.eclipse.jdt.ls.core.id1 -Dosgi.bundles.defaultStartLevel=4 -Declipse.product=org.eclipse.jdt.ls.core.product -Djava.import.generatesMetadataFilesAtProjectRoot=false -DDetectVMInstallationsJob.disabled=true -Dfile.encoding=utf8 -XX:+UseParallelGC -XX:GCTimeRatio=4 -XX:AdaptiveSizePolicyWeight=90 -Dsun.zip.disableMemoryMapping=true -Xmx2G -Xms100m -Xlog:disable -javaagent:c:\Users\55379\.vscode\extensions\redhat.java-1.53.0-win32-x64\lombok\lombok-1.18.39-4050.jar -XX:+HeapDumpOnOutOfMemoryError -XX:HeapDumpPath=c:\Users\55379\AppData\Roaming\Code\User\workspaceStorage\f78da1d87b2c520e49cad87d0fe2c449\redhat.java -Daether.dependencyCollector.impl=bf 
java_command: c:\Users\55379\.vscode\extensions\redhat.java-1.53.0-win32-x64\server\plugins\org.eclipse.equinox.launcher_1.7.100.v20251111-0406.jar -configuration c:\Users\55379\AppData\Roaming\Code\User\globalStorage\redhat.java\1.53.0\config_win -data c:\Users\55379\AppData\Roaming\Code\User\workspaceStorage\f78da1d87b2c520e49cad87d0fe2c449\redhat.java\jdt_ws --pipe=\\.\pipe\lsp-6b83b5080cc51c62f9398b0e832d4521-sock
java_class_path (initial): c:\Users\55379\.vscode\extensions\redhat.java-1.53.0-win32-x64\server\plugins\org.eclipse.equinox.launcher_1.7.100.v20251111-0406.jar
Launcher Type: SUN_STANDARD

[Global flags]
    uintx AdaptiveSizePolicyWeight                 = 90                                        {product} {command line}
     intx CICompilerCount                          = 4                                         {product} {ergonomic}
    uintx GCTimeRatio                              = 4                                         {product} {command line}
     bool HeapDumpOnOutOfMemoryError               = true                                   {manageable} {command line}
    ccstr HeapDumpPath                             = c:\Users\55379\AppData\Roaming\Code\User\workspaceStorage\f78da1d87b2c520e49cad87d0fe2c449\redhat.java         {manageable} {command line}
   size_t InitialHeapSize                          = 104857600                                 {product} {command line}
   size_t MaxHeapSize                              = 2147483648                                {product} {command line}
   size_t MaxNewSize                               = 715653120                                 {product} {ergonomic}
   size_t MinHeapDeltaBytes                        = 524288                                    {product} {ergonomic}
   size_t MinHeapSize                              = 104857600                                 {product} {command line}
   size_t NewSize                                  = 34603008                                  {product} {ergonomic}
    uintx NonNMethodCodeHeapSize                   = 5839372                                {pd product} {ergonomic}
    uintx NonProfiledCodeHeapSize                  = 122909434                              {pd product} {ergonomic}
   size_t OldSize                                  = 70254592                                  {product} {ergonomic}
    uintx ProfiledCodeHeapSize                     = 122909434                              {pd product} {ergonomic}
    uintx ReservedCodeCacheSize                    = 251658240                              {pd product} {ergonomic}
     bool SegmentedCodeCache                       = true                                      {product} {ergonomic}
   size_t SoftMaxHeapSize                          = 2147483648                             {manageable} {ergonomic}
     bool UseCompressedOops                        = true                           {product lp64_product} {ergonomic}
     bool UseLargePagesIndividualAllocation        = false                                  {pd product} {ergonomic}
     bool UseParallelGC                            = true                                      {product} {command line}

Logging:
Log output configuration:
 #0: stdout all=off uptime,level,tags foldmultilines=false
 #1: stderr all=off uptime,level,tags foldmultilines=false

Release file:
JAVA_VERSION="21.0.10" 
MODULES="java.base java.compiler java.datatransfer java.xml java.prefs java.desktop java.instrument java.logging java.management java.security.sasl java.naming java.rmi java.management.rmi java.net.http java.scripting java.security.jgss java.transaction.xa java.sql java.sql.rowset java.xml.crypto java.se java.smartcardio jdk.accessibility jdk.internal.jvmstat jdk.attach jdk.charsets jdk.internal.opt jdk.zipfs jdk.compiler jdk.crypto.ec jdk.crypto.cryptoki jdk.crypto.mscapi jdk.dynalink jdk.internal.ed jdk.editpad jdk.hotspot.agent jdk.httpserver jdk.internal.le jdk.internal.vm.ci jdk.internal.vm.compiler jdk.internal.vm.compiler.management jdk.jartool jdk.javadoc jdk.jcmd jdk.management jdk.management.agent jdk.jconsole jdk.jdeps jdk.jdwp.agent jdk.jdi jdk.jfr jdk.jshell jdk.jsobject jdk.jstatd jdk.localedata jdk.management.jfr jdk.naming.dns jdk.naming.rmi jdk.net jdk.nio.mapmode jdk.random jdk.sctp jdk.security.auth jdk.security.jgss jdk.unsupported jdk.unsupported.desktop jdk.xml.dom" 

Environment Variables:
PATH=C:\Users\55379\AppData\Local\Programs\Microsoft VS Code;C:\Program Files\Common Files\Oracle\Java\javapath;C:\Windows\system32;C:\Windows;C:\Windows\System32\Wbem;C:\Windows\System32\WindowsPowerShell\v1.0\;C:\Windows\System32\OpenSSH\;C:\Program Files (x86)\NVIDIA Corporation\PhysX\Common;C:\Program Files\NVIDIA Corporation\NVIDIA NvDLISR;C:\WINDOWS\system32;C:\WINDOWS;C:\WINDOWS\System32\Wbem;C:\WINDOWS\System32\WindowsPowerShell\v1.0\;C:\WINDOWS\System32\OpenSSH\;C:\Program Files\dotnet\;C:\Program Files\Git\cmd;C:\Users\55379\AppData\Local\Microsoft\WindowsApps;C:\Users\55379\AppData\Local\Programs\Microsoft VS Code\bin
USERNAME=55379
OS=Windows_NT
PROCESSOR_IDENTIFIER=Intel64 Family 6 Model 165 Stepping 2, GenuineIntel
TMP=C:\Users\55379\AppData\Local\Temp
TEMP=C:\Users\55379\AppData\Local\Temp




Periodic native trim disabled

---------------  S Y S T E M  ---------------

OS:
 Windows 11 , 64 bit Build 22621 (10.0.22621.5415)
OS uptime: 0 days 14:16 hours

CPU: total 8 (initial active 8) (4 cores per cpu, 2 threads per core) family 6 model 165 stepping 2 microcode 0xfc, cx8, cmov, fxsr, ht, mmx, 3dnowpref, sse, sse2, sse3, ssse3, sse4.1, sse4.2, popcnt, lzcnt, tsc, tscinvbit, avx, avx2, aes, erms, clmul, bmi1, bmi2, adx, fma, vzeroupper, clflush, clflushopt, rdtscp, f16c, pku
Processor Information for the first 8 processors :
  Max Mhz: 2496, Current Mhz: 2496, Mhz Limit: 2496

Memory: 4k page, system-wide physical 7985M (423M free)
TotalPageFile size 15234M (AvailPageFile size 13M)
current process WorkingSet (physical memory assigned to process): 496M, peak: 749M
current process commit charge ("private bytes"): 803M, peak: 816M

vm_info: OpenJDK 64-Bit Server VM (21.0.10+7-LTS) for windows-amd64 JRE (21.0.10+7-LTS), built on 2026-01-20T00:00:00Z by "admin" with MS VC++ 17.12 (VS2022)

END.
